0 verbose cli C:\Program Files\nodejs\node.exe C:\Program Files\nodejs\node_modules\npm\bin\npm-cli.js
1 info using npm@11.6.0
2 info using node@v24.9.0
3 silly config load:file:C:\Program Files\nodejs\node_modules\npm\npmrc
4 silly config load:file:c:\Users\patil\OneDrive\Desktop\Pursuit\Pursuit_2026\.npmrc
5 silly config load:file:C:\Users\patil\.npmrc
6 silly config load:file:c:\Users\patil\OneDrive\Desktop\Pursuit\Pursuit_2026\%APPDATA%\npm\etc\npmrc
7 verbose title npm view @types/react-dom description dist-tags.latest homepage version time
8 verbose argv "view" "--json" "--" "@types/react-dom" "description" "dist-tags.latest" "homepage" "version" "time"
9 verbose logfile logs-max:10 dir:c:\Users\patil\OneDrive\Desktop\Pursuit\Pursuit_2026\%APPDATA%\npm-cache\_logs\2026-01-08T10_35_35_439Z-
10 verbose logfile c:\Users\patil\OneDrive\Desktop\Pursuit\Pursuit_2026\%APPDATA%\npm-cache\_logs\2026-01-08T10_35_35_439Z-debug-0.log
11 silly logfile start cleaning logs, removing 1 files
12 silly logfile done cleaning log files
13 http fetch GET 200 https://registry.npmjs.org/@types%2freact-dom 326ms (cache miss)
14 verbose cwd c:\Users\patil\OneDrive\Desktop\Pursuit\Pursuit_2026
15 verbose os Windows_NT 10.0.26200
16 verbose node v24.9.0
17 verbose npm  v11.6.0
18 verbose exit 0
19 info ok
