0 verbose cli C:\Program Files\nodejs\node.exe C:\Program Files\nodejs\node_modules\npm\bin\npm-cli.js
1 info using npm@11.6.0
2 info using node@v24.9.0
3 silly config load:file:C:\Program Files\nodejs\node_modules\npm\npmrc
4 silly config load:file:C:\Users\patil\OneDrive\Desktop\Pursuit\Pursuit_2026\.npmrc
5 silly config load:file:C:\Users\patil\.npmrc
6 silly config load:file:C:\Users\patil\OneDrive\Desktop\Pursuit\Pursuit_2026\%APPDATA%\npm\etc\npmrc
7 verbose title npm install
8 verbose argv "install"
9 verbose logfile logs-max:10 dir:C:\Users\patil\OneDrive\Desktop\Pursuit\Pursuit_2026\%APPDATA%\npm-cache\_logs\2026-01-08T10_25_58_635Z-
10 verbose logfile C:\Users\patil\OneDrive\Desktop\Pursuit\Pursuit_2026\%APPDATA%\npm-cache\_logs\2026-01-08T10_25_58_635Z-debug-0.log
11 silly logfile start cleaning logs, removing 1 files
12 silly packumentCache heap:4496293888 maxSize:1124073472 maxEntrySize:562036736
13 silly logfile done cleaning log files
14 silly idealTree buildDeps
15 verbose shrinkwrap failed to load node_modules/.package-lock.json out of date, updated: node_modules/esbuild
16 silly reify moves {}
17 silly audit bulk request {
17 silly audit   '@babel/code-frame': [ '7.27.1' ],
17 silly audit   '@babel/compat-data': [ '7.28.5' ],
17 silly audit   '@babel/core': [ '7.28.5' ],
17 silly audit   '@babel/generator': [ '7.28.5' ],
17 silly audit   '@babel/helper-compilation-targets': [ '7.27.2' ],
17 silly audit   '@babel/helper-globals': [ '7.28.0' ],
17 silly audit   '@babel/helper-module-imports': [ '7.27.1' ],
17 silly audit   '@babel/helper-module-transforms': [ '7.28.3' ],
17 silly audit   '@babel/helper-plugin-utils': [ '7.27.1' ],
17 silly audit   '@babel/helper-string-parser': [ '7.27.1' ],
17 silly audit   '@babel/helper-validator-identifier': [ '7.28.5' ],
17 silly audit   '@babel/helper-validator-option': [ '7.27.1' ],
17 silly audit   '@babel/helpers': [ '7.28.4' ],
17 silly audit   '@babel/parser': [ '7.28.5' ],
17 silly audit   '@babel/plugin-transform-react-jsx-self': [ '7.27.1' ],
17 silly audit   '@babel/plugin-transform-react-jsx-source': [ '7.27.1' ],
17 silly audit   '@babel/template': [ '7.27.2' ],
17 silly audit   '@babel/traverse': [ '7.28.5' ],
17 silly audit   '@babel/types': [ '7.28.5' ],
17 silly audit   '@esbuild/aix-ppc64': [ '0.21.5' ],
17 silly audit   '@esbuild/android-arm': [ '0.21.5' ],
17 silly audit   '@esbuild/android-arm64': [ '0.21.5' ],
17 silly audit   '@esbuild/android-x64': [ '0.21.5' ],
17 silly audit   '@esbuild/darwin-arm64': [ '0.21.5' ],
17 silly audit   '@esbuild/darwin-x64': [ '0.21.5' ],
17 silly audit   '@esbuild/freebsd-arm64': [ '0.21.5' ],
17 silly audit   '@esbuild/freebsd-x64': [ '0.21.5' ],
17 silly audit   '@esbuild/linux-arm': [ '0.21.5' ],
17 silly audit   '@esbuild/linux-arm64': [ '0.21.5' ],
17 silly audit   '@esbuild/linux-ia32': [ '0.21.5' ],
17 silly audit   '@esbuild/linux-loong64': [ '0.21.5' ],
17 silly audit   '@esbuild/linux-mips64el': [ '0.21.5' ],
17 silly audit   '@esbuild/linux-ppc64': [ '0.21.5' ],
17 silly audit   '@esbuild/linux-riscv64': [ '0.21.5' ],
17 silly audit   '@esbuild/linux-s390x': [ '0.21.5' ],
17 silly audit   '@esbuild/linux-x64': [ '0.21.5' ],
17 silly audit   '@esbuild/netbsd-x64': [ '0.21.5' ],
17 silly audit   '@esbuild/openbsd-x64': [ '0.21.5' ],
17 silly audit   '@esbuild/sunos-x64': [ '0.21.5' ],
17 silly audit   '@esbuild/win32-arm64': [ '0.21.5' ],
17 silly audit   '@esbuild/win32-ia32': [ '0.21.5' ],
17 silly audit   '@esbuild/win32-x64': [ '0.21.5' ],
17 silly audit   '@eslint-community/eslint-utils': [ '4.9.1' ],
17 silly audit   'eslint-visitor-keys': [ '3.4.3', '4.2.1' ],
17 silly audit   '@eslint-community/regexpp': [ '4.12.2' ],
17 silly audit   '@eslint/config-array': [ '0.21.1' ],
17 silly audit   '@eslint/config-helpers': [ '0.4.2' ],
17 silly audit   '@eslint/core': [ '0.17.0' ],
17 silly audit   '@eslint/eslintrc': [ '3.3.3' ],
17 silly audit   globals: [ '14.0.0', '16.5.0' ],
17 silly audit   '@eslint/js': [ '9.39.2' ],
17 silly audit   '@eslint/object-schema': [ '2.1.7' ],
17 silly audit   '@eslint/plugin-kit': [ '0.4.1' ],
17 silly audit   '@humanfs/core': [ '0.19.1' ],
17 silly audit   '@humanfs/node': [ '0.16.7' ],
17 silly audit   '@humanwhocodes/module-importer': [ '1.0.1' ],
17 silly audit   '@humanwhocodes/retry': [ '0.4.3' ],
17 silly audit   '@jridgewell/gen-mapping': [ '0.3.13' ],
17 silly audit   '@jridgewell/remapping': [ '2.3.5' ],
17 silly audit   '@jridgewell/resolve-uri': [ '3.1.2' ],
17 silly audit   '@jridgewell/sourcemap-codec': [ '1.5.5' ],
17 silly audit   '@jridgewell/trace-mapping': [ '0.3.31' ],
17 silly audit   '@rolldown/pluginutils': [ '1.0.0-beta.53' ],
17 silly audit   '@types/babel__core': [ '7.20.5' ],
17 silly audit   '@types/babel__generator': [ '7.27.0' ],
17 silly audit   '@types/babel__template': [ '7.4.4' ],
17 silly audit   '@types/babel__traverse': [ '7.28.0' ],
17 silly audit   '@types/estree': [ '1.0.8' ],
17 silly audit   '@types/json-schema': [ '7.0.15' ],
17 silly audit   '@types/react': [ '19.2.7' ],
17 silly audit   '@types/react-dom': [ '19.2.3' ],
17 silly audit   '@vitejs/plugin-react': [ '5.1.2' ],
17 silly audit   acorn: [ '8.15.0' ],
17 silly audit   'acorn-jsx': [ '5.3.2' ],
17 silly audit   ajv: [ '6.12.6' ],
17 silly audit   'ansi-styles': [ '4.3.0' ],
17 silly audit   argparse: [ '2.0.1' ],
17 silly audit   'balanced-match': [ '1.0.2' ],
17 silly audit   'baseline-browser-mapping': [ '2.9.11' ],
17 silly audit   'brace-expansion': [ '1.1.12' ],
17 silly audit   browserslist: [ '4.28.1' ],
17 silly audit   callsites: [ '3.1.0' ],
17 silly audit   'caniuse-lite': [ '1.0.30001762' ],
17 silly audit   chalk: [ '4.1.2' ],
17 silly audit   'color-convert': [ '2.0.1' ],
17 silly audit   'color-name': [ '1.1.4' ],
17 silly audit   'concat-map': [ '0.0.1' ],
17 silly audit   'convert-source-map': [ '2.0.0' ],
17 silly audit   cookie: [ '1.1.1' ],
17 silly audit   'cross-spawn': [ '7.0.6' ],
17 silly audit   csstype: [ '3.2.3' ],
17 silly audit   debug: [ '4.4.3' ],
17 silly audit   'deep-is': [ '0.1.4' ],
17 silly audit   'electron-to-chromium': [ '1.5.267' ],
17 silly audit   esbuild: [ '0.21.5' ],
17 silly audit   escalade: [ '3.2.0' ],
17 silly audit   'escape-string-regexp': [ '4.0.0' ],
17 silly audit   eslint: [ '9.39.2' ],
17 silly audit   'eslint-plugin-react-hooks': [ '7.0.1' ],
17 silly audit   'eslint-plugin-react-refresh': [ '0.4.26' ],
17 silly audit   'eslint-scope': [ '8.4.0' ],
17 silly audit   espree: [ '10.4.0' ],
17 silly audit   esquery: [ '1.7.0' ],
17 silly audit   esrecurse: [ '4.3.0' ],
17 silly audit   estraverse: [ '5.3.0' ],
17 silly audit   esutils: [ '2.0.3' ],
17 silly audit   'fast-deep-equal': [ '3.1.3' ],
17 silly audit   'fast-json-stable-stringify': [ '2.1.0' ],
17 silly audit   'fast-levenshtein': [ '2.0.6' ],
17 silly audit   'file-entry-cache': [ '8.0.0' ],
17 silly audit   'find-up': [ '5.0.0' ],
17 silly audit   'flat-cache': [ '4.0.1' ],
17 silly audit   flatted: [ '3.3.3' ],
17 silly audit   fsevents: [ '2.3.3' ],
17 silly audit   gensync: [ '1.0.0-beta.2' ],
17 silly audit   'glob-parent': [ '6.0.2' ],
17 silly audit   'has-flag': [ '4.0.0' ],
17 silly audit   'hermes-estree': [ '0.25.1' ],
17 silly audit   'hermes-parser': [ '0.25.1' ],
17 silly audit   ignore: [ '5.3.2' ],
17 silly audit   'import-fresh': [ '3.3.1' ],
17 silly audit   imurmurhash: [ '0.1.4' ],
17 silly audit   'is-extglob': [ '2.1.1' ],
17 silly audit   'is-glob': [ '4.0.3' ],
17 silly audit   isexe: [ '2.0.0' ],
17 silly audit   'js-tokens': [ '4.0.0' ],
17 silly audit   'js-yaml': [ '4.1.1' ],
17 silly audit   jsesc: [ '3.1.0' ],
17 silly audit   'json-buffer': [ '3.0.1' ],
17 silly audit   'json-schema-traverse': [ '0.4.1' ],
17 silly audit   'json-stable-stringify-without-jsonify': [ '1.0.1' ],
17 silly audit   json5: [ '2.2.3' ],
17 silly audit   keyv: [ '4.5.4' ],
17 silly audit   levn: [ '0.4.1' ],
17 silly audit   'locate-path': [ '6.0.0' ],
17 silly audit   'lodash.merge': [ '4.6.2' ],
17 silly audit   'lru-cache': [ '5.1.1' ],
17 silly audit   minimatch: [ '3.1.2' ],
17 silly audit   ms: [ '2.1.3' ],
17 silly audit   nanoid: [ '3.3.11' ],
17 silly audit   'natural-compare': [ '1.4.0' ],
17 silly audit   'node-releases': [ '2.0.27' ],
17 silly audit   optionator: [ '0.9.4' ],
17 silly audit   'p-limit': [ '3.1.0' ],
17 silly audit   'p-locate': [ '5.0.0' ],
17 silly audit   'parent-module': [ '1.0.1' ],
17 silly audit   'path-exists': [ '4.0.0' ],
17 silly audit   'path-key': [ '3.1.1' ],
17 silly audit   picocolors: [ '1.1.1' ],
17 silly audit   postcss: [ '8.5.6' ],
17 silly audit   'prelude-ls': [ '1.2.1' ],
17 silly audit   punycode: [ '2.3.1' ],
17 silly audit   react: [ '19.2.3' ],
17 silly audit   'react-dom': [ '19.2.3' ],
17 silly audit   'react-icons': [ '5.5.0' ],
17 silly audit   'react-refresh': [ '0.18.0' ],
17 silly audit   'react-router': [ '7.11.0' ],
17 silly audit   'react-router-dom': [ '7.11.0' ],
17 silly audit   'resolve-from': [ '4.0.0' ],
17 silly audit   rollup: [ '4.55.1' ],
17 silly audit   scheduler: [ '0.27.0' ],
17 silly audit   semver: [ '6.3.1' ],
17 silly audit   'set-cookie-parser': [ '2.7.2' ],
17 silly audit   'shebang-command': [ '2.0.0' ],
17 silly audit   'shebang-regex': [ '3.0.0' ],
17 silly audit   'source-map-js': [ '1.2.1' ],
17 silly audit   'strip-json-comments': [ '3.1.1' ],
17 silly audit   'supports-color': [ '7.2.0' ],
17 silly audit   'type-check': [ '0.4.0' ],
17 silly audit   'update-browserslist-db': [ '1.2.3' ],
17 silly audit   'uri-js': [ '4.4.1' ],
17 silly audit   vite: [ '5.4.10' ],
17 silly audit   which: [ '2.0.2' ],
17 silly audit   'word-wrap': [ '1.2.5' ],
17 silly audit   yallist: [ '3.1.1' ],
17 silly audit   'yocto-queue': [ '0.1.0' ],
17 silly audit   zod: [ '4.3.5' ],
17 silly audit   'zod-validation-error': [ '4.0.2' ]
17 silly audit }
18 verbose reify failed optional dependency C:\Users\patil\OneDrive\Desktop\Pursuit\Pursuit_2026\node_modules\fsevents
19 silly reify mark deleted [
19 silly reify   'C:\\Users\\patil\\OneDrive\\Desktop\\Pursuit\\Pursuit_2026\\node_modules\\fsevents'
19 silly reify ]
20 verbose reify failed optional dependency C:\Users\patil\OneDrive\Desktop\Pursuit\Pursuit_2026\node_modules\@esbuild\win32-ia32
21 silly reify mark deleted [
21 silly reify   'C:\\Users\\patil\\OneDrive\\Desktop\\Pursuit\\Pursuit_2026\\node_modules\\@esbuild\\win32-ia32'
21 silly reify ]
22 verbose reify failed optional dependency C:\Users\patil\OneDrive\Desktop\Pursuit\Pursuit_2026\node_modules\@esbuild\win32-arm64
23 silly reify mark deleted [
23 silly reify   'C:\\Users\\patil\\OneDrive\\Desktop\\Pursuit\\Pursuit_2026\\node_modules\\@esbuild\\win32-arm64'
23 silly reify ]
24 verbose reify failed optional dependency C:\Users\patil\OneDrive\Desktop\Pursuit\Pursuit_2026\node_modules\@esbuild\sunos-x64
25 silly reify mark deleted [
25 silly reify   'C:\\Users\\patil\\OneDrive\\Desktop\\Pursuit\\Pursuit_2026\\node_modules\\@esbuild\\sunos-x64'
25 silly reify ]
26 verbose reify failed optional dependency C:\Users\patil\OneDrive\Desktop\Pursuit\Pursuit_2026\node_modules\@esbuild\openbsd-x64
27 silly reify mark deleted [
27 silly reify   'C:\\Users\\patil\\OneDrive\\Desktop\\Pursuit\\Pursuit_2026\\node_modules\\@esbuild\\openbsd-x64'
27 silly reify ]
28 verbose reify failed optional dependency C:\Users\patil\OneDrive\Desktop\Pursuit\Pursuit_2026\node_modules\@esbuild\netbsd-x64
29 silly reify mark deleted [
29 silly reify   'C:\\Users\\patil\\OneDrive\\Desktop\\Pursuit\\Pursuit_2026\\node_modules\\@esbuild\\netbsd-x64'
29 silly reify ]
30 verbose reify failed optional dependency C:\Users\patil\OneDrive\Desktop\Pursuit\Pursuit_2026\node_modules\@esbuild\linux-x64
31 silly reify mark deleted [
31 silly reify   'C:\\Users\\patil\\OneDrive\\Desktop\\Pursuit\\Pursuit_2026\\node_modules\\@esbuild\\linux-x64'
31 silly reify ]
32 verbose reify failed optional dependency C:\Users\patil\OneDrive\Desktop\Pursuit\Pursuit_2026\node_modules\@esbuild\linux-s390x
33 silly reify mark deleted [
33 silly reify   'C:\\Users\\patil\\OneDrive\\Desktop\\Pursuit\\Pursuit_2026\\node_modules\\@esbuild\\linux-s390x'
33 silly reify ]
34 verbose reify failed optional dependency C:\Users\patil\OneDrive\Desktop\Pursuit\Pursuit_2026\node_modules\@esbuild\linux-riscv64
35 silly reify mark deleted [
35 silly reify   'C:\\Users\\patil\\OneDrive\\Desktop\\Pursuit\\Pursuit_2026\\node_modules\\@esbuild\\linux-riscv64'
35 silly reify ]
36 verbose reify failed optional dependency C:\Users\patil\OneDrive\Desktop\Pursuit\Pursuit_2026\node_modules\@esbuild\linux-ppc64
37 silly reify mark deleted [
37 silly reify   'C:\\Users\\patil\\OneDrive\\Desktop\\Pursuit\\Pursuit_2026\\node_modules\\@esbuild\\linux-ppc64'
37 silly reify ]
38 verbose reify failed optional dependency C:\Users\patil\OneDrive\Desktop\Pursuit\Pursuit_2026\node_modules\@esbuild\linux-mips64el
39 silly reify mark deleted [
39 silly reify   'C:\\Users\\patil\\OneDrive\\Desktop\\Pursuit\\Pursuit_2026\\node_modules\\@esbuild\\linux-mips64el'
39 silly reify ]
40 verbose reify failed optional dependency C:\Users\patil\OneDrive\Desktop\Pursuit\Pursuit_2026\node_modules\@esbuild\linux-loong64
41 silly reify mark deleted [
41 silly reify   'C:\\Users\\patil\\OneDrive\\Desktop\\Pursuit\\Pursuit_2026\\node_modules\\@esbuild\\linux-loong64'
41 silly reify ]
42 verbose reify failed optional dependency C:\Users\patil\OneDrive\Desktop\Pursuit\Pursuit_2026\node_modules\@esbuild\linux-ia32
43 silly reify mark deleted [
43 silly reify   'C:\\Users\\patil\\OneDrive\\Desktop\\Pursuit\\Pursuit_2026\\node_modules\\@esbuild\\linux-ia32'
43 silly reify ]
44 verbose reify failed optional dependency C:\Users\patil\OneDrive\Desktop\Pursuit\Pursuit_2026\node_modules\@esbuild\linux-arm64
45 silly reify mark deleted [
45 silly reify   'C:\\Users\\patil\\OneDrive\\Desktop\\Pursuit\\Pursuit_2026\\node_modules\\@esbuild\\linux-arm64'
45 silly reify ]
46 verbose reify failed optional dependency C:\Users\patil\OneDrive\Desktop\Pursuit\Pursuit_2026\node_modules\@esbuild\linux-arm
47 silly reify mark deleted [
47 silly reify   'C:\\Users\\patil\\OneDrive\\Desktop\\Pursuit\\Pursuit_2026\\node_modules\\@esbuild\\linux-arm'
47 silly reify ]
48 verbose reify failed optional dependency C:\Users\patil\OneDrive\Desktop\Pursuit\Pursuit_2026\node_modules\@esbuild\freebsd-x64
49 silly reify mark deleted [
49 silly reify   'C:\\Users\\patil\\OneDrive\\Desktop\\Pursuit\\Pursuit_2026\\node_modules\\@esbuild\\freebsd-x64'
49 silly reify ]
50 verbose reify failed optional dependency C:\Users\patil\OneDrive\Desktop\Pursuit\Pursuit_2026\node_modules\@esbuild\freebsd-arm64
51 silly reify mark deleted [
51 silly reify   'C:\\Users\\patil\\OneDrive\\Desktop\\Pursuit\\Pursuit_2026\\node_modules\\@esbuild\\freebsd-arm64'
51 silly reify ]
52 verbose reify failed optional dependency C:\Users\patil\OneDrive\Desktop\Pursuit\Pursuit_2026\node_modules\@esbuild\darwin-x64
53 silly reify mark deleted [
53 silly reify   'C:\\Users\\patil\\OneDrive\\Desktop\\Pursuit\\Pursuit_2026\\node_modules\\@esbuild\\darwin-x64'
53 silly reify ]
54 verbose reify failed optional dependency C:\Users\patil\OneDrive\Desktop\Pursuit\Pursuit_2026\node_modules\@esbuild\darwin-arm64
55 silly reify mark deleted [
55 silly reify   'C:\\Users\\patil\\OneDrive\\Desktop\\Pursuit\\Pursuit_2026\\node_modules\\@esbuild\\darwin-arm64'
55 silly reify ]
56 verbose reify failed optional dependency C:\Users\patil\OneDrive\Desktop\Pursuit\Pursuit_2026\node_modules\@esbuild\android-x64
57 silly reify mark deleted [
57 silly reify   'C:\\Users\\patil\\OneDrive\\Desktop\\Pursuit\\Pursuit_2026\\node_modules\\@esbuild\\android-x64'
57 silly reify ]
58 verbose reify failed optional dependency C:\Users\patil\OneDrive\Desktop\Pursuit\Pursuit_2026\node_modules\@esbuild\android-arm64
59 silly reify mark deleted [
59 silly reify   'C:\\Users\\patil\\OneDrive\\Desktop\\Pursuit\\Pursuit_2026\\node_modules\\@esbuild\\android-arm64'
59 silly reify ]
60 verbose reify failed optional dependency C:\Users\patil\OneDrive\Desktop\Pursuit\Pursuit_2026\node_modules\@esbuild\android-arm
61 silly reify mark deleted [
61 silly reify   'C:\\Users\\patil\\OneDrive\\Desktop\\Pursuit\\Pursuit_2026\\node_modules\\@esbuild\\android-arm'
61 silly reify ]
62 verbose reify failed optional dependency C:\Users\patil\OneDrive\Desktop\Pursuit\Pursuit_2026\node_modules\@esbuild\aix-ppc64
63 silly reify mark deleted [
63 silly reify   'C:\\Users\\patil\\OneDrive\\Desktop\\Pursuit\\Pursuit_2026\\node_modules\\@esbuild\\aix-ppc64'
63 silly reify ]
64 http fetch POST 200 https://registry.npmjs.org/-/npm/v1/security/advisories/bulk 1003ms
65 silly audit report {
65 silly audit report   esbuild: [
65 silly audit report     {
65 silly audit report       id: 1102341,
65 silly audit report       url: 'https://github.com/advisories/GHSA-67mh-4wv8-2f99',
65 silly audit report       title: 'esbuild enables any website to send any requests to the development server and read the response',
65 silly audit report       severity: 'moderate',
65 silly audit report       vulnerable_versions: '<=0.24.2',
65 silly audit report       cwe: [Array],
65 silly audit report       cvss: [Object]
65 silly audit report     }
65 silly audit report   ],
65 silly audit report   vite: [
65 silly audit report     {
65 silly audit report       id: 1102437,
65 silly audit report       url: 'https://github.com/advisories/GHSA-vg6x-rcgg-rjx6',
65 silly audit report       title: 'Websites were able to send any requests to the development server and read the response in vite',
65 silly audit report       severity: 'moderate',
65 silly audit report       vulnerable_versions: '>=5.0.0 <=5.4.11',
65 silly audit report       cwe: [Array],
65 silly audit report       cvss: [Object]
65 silly audit report     },
65 silly audit report     {
65 silly audit report       id: 1103517,
65 silly audit report       url: 'https://github.com/advisories/GHSA-x574-m823-4x7w',
65 silly audit report       title: 'Vite bypasses server.fs.deny when using ?raw??',
65 silly audit report       severity: 'moderate',
65 silly audit report       vulnerable_versions: '>=5.0.0 <5.4.15',
65 silly audit report       cwe: [Array],
65 silly audit report       cvss: [Object]
65 silly audit report     },
65 silly audit report     {
65 silly audit report       id: 1103628,
65 silly audit report       url: 'https://github.com/advisories/GHSA-4r4m-qw57-chr8',
65 silly audit report       title: 'Vite has a `server.fs.deny` bypassed for `inline` and `raw` with `?import` query',
65 silly audit report       severity: 'moderate',
65 silly audit report       vulnerable_versions: '>=5.0.0 <5.4.16',
65 silly audit report       cwe: [Array],
65 silly audit report       cvss: [Object]
65 silly audit report     },
65 silly audit report     {
65 silly audit report       id: 1103884,
65 silly audit report       url: 'https://github.com/advisories/GHSA-356w-63v5-8wf4',
65 silly audit report       title: 'Vite has an `server.fs.deny` bypass with an invalid `request-target`',
65 silly audit report       severity: 'moderate',
65 silly audit report       vulnerable_versions: '>=5.0.0 <5.4.18',
65 silly audit report       cwe: [Array],
65 silly audit report       cvss: [Object]
65 silly audit report     },
65 silly audit report     {
65 silly audit report       id: 1104173,
65 silly audit report       url: 'https://github.com/advisories/GHSA-859w-5945-r5v3',
65 silly audit report       title: "Vite's server.fs.deny bypassed with /. for files under project root",
65 silly audit report       severity: 'moderate',
65 silly audit report       vulnerable_versions: '>=5.0.0 <=5.4.18',
65 silly audit report       cwe: [Array],
65 silly audit report       cvss: [Object]
65 silly audit report     },
65 silly audit report     {
65 silly audit report       id: 1104202,
65 silly audit report       url: 'https://github.com/advisories/GHSA-xcj6-pq6g-qj4x',
65 silly audit report       title: 'Vite allows server.fs.deny to be bypassed with .svg or relative paths',
65 silly audit report       severity: 'moderate',
65 silly audit report       vulnerable_versions: '>=5.0.0 <5.4.17',
65 silly audit report       cwe: [Array],
65 silly audit report       cvss: [Object]
65 silly audit report     },
65 silly audit report     {
65 silly audit report       id: 1107323,
65 silly audit report       url: 'https://github.com/advisories/GHSA-g4jq-h2w9-997c',
65 silly audit report       title: 'Vite middleware may serve files starting with the same name with the public directory',
65 silly audit report       severity: 'low',
65 silly audit report       vulnerable_versions: '<=5.4.19',
65 silly audit report       cwe: [Array],
65 silly audit report       cvss: [Object]
65 silly audit report     },
65 silly audit report     {
65 silly audit report       id: 1107327,
65 silly audit report       url: 'https://github.com/advisories/GHSA-jqfw-vq24-v9c3',
65 silly audit report       title: "Vite's `server.fs` settings were not applied to HTML files",
65 silly audit report       severity: 'low',
65 silly audit report       vulnerable_versions: '<=5.4.19',
65 silly audit report       cwe: [Array],
65 silly audit report       cvss: [Object]
65 silly audit report     },
65 silly audit report     {
65 silly audit report       id: 1109131,
65 silly audit report       url: 'https://github.com/advisories/GHSA-93m4-6634-74q7',
65 silly audit report       title: 'vite allows server.fs.deny bypass via backslash on Windows',
65 silly audit report       severity: 'moderate',
65 silly audit report       vulnerable_versions: '>=5.2.6 <=5.4.20',
65 silly audit report       cwe: [Array],
65 silly audit report       cvss: [Object]
65 silly audit report     }
65 silly audit report   ]
65 silly audit report }
66 silly packumentCache corgi:https://registry.npmjs.org/esbuild cache-miss
67 silly packumentCache corgi:https://registry.npmjs.org/vite cache-miss
68 http cache https://registry.npmjs.org/esbuild 37ms (cache hit)
69 silly packumentCache corgi:https://registry.npmjs.org/esbuild set size:877737 disposed:false
70 http cache https://registry.npmjs.org/vite 52ms (cache hit)
71 silly packumentCache corgi:https://registry.npmjs.org/vite set size:2163324 disposed:false
72 silly packumentCache corgi:https://registry.npmjs.org/@vitejs%2fplugin-react cache-miss
73 http cache https://registry.npmjs.org/@vitejs%2fplugin-react 11ms (cache hit)
74 silly packumentCache corgi:https://registry.npmjs.org/@vitejs%2fplugin-react set size:104872 disposed:false
75 silly ADD node_modules/fsevents
76 silly ADD node_modules/@esbuild/win32-ia32
77 silly ADD node_modules/@esbuild/win32-arm64
78 silly ADD node_modules/@esbuild/sunos-x64
79 silly ADD node_modules/@esbuild/openbsd-x64
80 silly ADD node_modules/@esbuild/netbsd-x64
81 silly ADD node_modules/@esbuild/linux-x64
82 silly ADD node_modules/@esbuild/linux-s390x
83 silly ADD node_modules/@esbuild/linux-riscv64
84 silly ADD node_modules/@esbuild/linux-ppc64
85 silly ADD node_modules/@esbuild/linux-mips64el
86 silly ADD node_modules/@esbuild/linux-loong64
87 silly ADD node_modules/@esbuild/linux-ia32
88 silly ADD node_modules/@esbuild/linux-arm64
89 silly ADD node_modules/@esbuild/linux-arm
90 silly ADD node_modules/@esbuild/freebsd-x64
91 silly ADD node_modules/@esbuild/freebsd-arm64
92 silly ADD node_modules/@esbuild/darwin-x64
93 silly ADD node_modules/@esbuild/darwin-arm64
94 silly ADD node_modules/@esbuild/android-x64
95 silly ADD node_modules/@esbuild/android-arm64
96 silly ADD node_modules/@esbuild/android-arm
97 silly ADD node_modules/@esbuild/aix-ppc64
98 verbose cwd C:\Users\patil\OneDrive\Desktop\Pursuit\Pursuit_2026
99 verbose os Windows_NT 10.0.26200
100 verbose node v24.9.0
101 verbose npm  v11.6.0
102 verbose exit 0
103 info ok
