0 verbose cli C:\Program Files\nodejs\node.exe C:\Program Files\nodejs\node_modules\npm\bin\npm-cli.js
1 info using npm@11.6.0
2 info using node@v24.9.0
3 silly config load:file:C:\Program Files\nodejs\node_modules\npm\npmrc
4 silly config load:file:c:\Users\patil\OneDrive\Desktop\Pursuit\Pursuit_2026\.npmrc
5 silly config load:file:C:\Users\patil\.npmrc
6 silly config load:file:c:\Users\patil\OneDrive\Desktop\Pursuit\Pursuit_2026\%APPDATA%\npm\etc\npmrc
7 verbose title npm view devDependencies description dist-tags.latest homepage version time
8 verbose argv "view" "--json" "--" "devDependencies" "description" "dist-tags.latest" "homepage" "version" "time"
9 verbose logfile logs-max:10 dir:c:\Users\patil\OneDrive\Desktop\Pursuit\Pursuit_2026\%APPDATA%\npm-cache\_logs\2026-01-08T10_24_49_378Z-
10 verbose logfile c:\Users\patil\OneDrive\Desktop\Pursuit\Pursuit_2026\%APPDATA%\npm-cache\_logs\2026-01-08T10_24_49_378Z-debug-0.log
11 silly logfile start cleaning logs, removing 1 files
12 silly logfile done cleaning log files
13 http fetch GET 404 https://registry.npmjs.org/devDependencies 693ms (cache skip)
14 verbose stack HttpErrorGeneral: 404 Not Found - GET https://registry.npmjs.org/devDependencies - Not found
14 verbose stack     at C:\Program Files\nodejs\node_modules\npm\node_modules\npm-registry-fetch\lib\check-response.js:103:15
14 verbose stack     at process.processTicksAndRejections (node:internal/process/task_queues:105:5)
14 verbose stack     at async RegistryFetcher.packument (C:\Program Files\nodejs\node_modules\npm\node_modules\pacote\lib\registry.js:90:19)
14 verbose stack     at async #getData (C:\Program Files\nodejs\node_modules\npm\lib\commands\view.js:135:20)
14 verbose stack     at async #viewPackage (C:\Program Files\nodejs\node_modules\npm\lib\commands\view.js:112:28)
14 verbose stack     at async View.exec (C:\Program Files\nodejs\node_modules\npm\lib\commands\view.js:70:5)
14 verbose stack     at async Npm.exec (C:\Program Files\nodejs\node_modules\npm\lib\npm.js:208:9)
14 verbose stack     at async module.exports (C:\Program Files\nodejs\node_modules\npm\lib\cli\entry.js:67:5)
15 verbose statusCode 404
16 verbose pkgid devDependencies@*
17 error code E404
18 error 404 Not Found - GET https://registry.npmjs.org/devDependencies - Not found
19 error 404
20 error 404  The requested resource 'devDependencies@*' could not be found or you do not have permission to access it.
21 error 404 This package name is not valid, because 
22 error 404  1. name can no longer contain capital letters
23 error 404
24 error 404 Note that you can also install from a
25 error 404 tarball, folder, http url, or git url.
26 verbose cwd c:\Users\patil\OneDrive\Desktop\Pursuit\Pursuit_2026
27 verbose os Windows_NT 10.0.26200
28 verbose node v24.9.0
29 verbose npm  v11.6.0
30 verbose exit 1
31 verbose code 1
32 error A complete log of this run can be found in: c:\Users\patil\OneDrive\Desktop\Pursuit\Pursuit_2026\%APPDATA%\npm-cache\_logs\2026-01-08T10_24_49_378Z-debug-0.log
