0 verbose cli C:\Program Files\nodejs\node.exe C:\Program Files\nodejs\node_modules\npm\bin\npm-cli.js
1 info using npm@11.6.0
2 info using node@v24.9.0
3 silly config load:file:C:\Program Files\nodejs\node_modules\npm\npmrc
4 silly config load:file:C:\Users\patil\OneDrive\Desktop\Pursuit\Pursuit_2026\.npmrc
5 silly config load:file:C:\Users\patil\.npmrc
6 silly config load:file:C:\Users\patil\OneDrive\Desktop\Pursuit\Pursuit_2026\%APPDATA%\npm\etc\npmrc
7 verbose title npm install
8 verbose argv "install"
9 verbose logfile logs-max:10 dir:C:\Users\patil\OneDrive\Desktop\Pursuit\Pursuit_2026\%APPDATA%\npm-cache\_logs\2026-01-08T10_28_56_852Z-
10 verbose logfile C:\Users\patil\OneDrive\Desktop\Pursuit\Pursuit_2026\%APPDATA%\npm-cache\_logs\2026-01-08T10_28_56_852Z-debug-0.log
11 silly logfile start cleaning logs, removing 1 files
12 silly packumentCache heap:4496293888 maxSize:1124073472 maxEntrySize:562036736
13 silly logfile done cleaning log files
14 silly idealTree buildDeps
15 silly reify moves {}
16 silly audit bulk request {
16 silly audit   '@babel/code-frame': [ '7.27.1' ],
16 silly audit   '@babel/compat-data': [ '7.28.5' ],
16 silly audit   '@babel/core': [ '7.28.5' ],
16 silly audit   '@babel/generator': [ '7.28.5' ],
16 silly audit   '@babel/helper-compilation-targets': [ '7.27.2' ],
16 silly audit   '@babel/helper-globals': [ '7.28.0' ],
16 silly audit   '@babel/helper-module-imports': [ '7.27.1' ],
16 silly audit   '@babel/helper-module-transforms': [ '7.28.3' ],
16 silly audit   '@babel/helper-plugin-utils': [ '7.27.1' ],
16 silly audit   '@babel/helper-string-parser': [ '7.27.1' ],
16 silly audit   '@babel/helper-validator-identifier': [ '7.28.5' ],
16 silly audit   '@babel/helper-validator-option': [ '7.27.1' ],
16 silly audit   '@babel/helpers': [ '7.28.4' ],
16 silly audit   '@babel/parser': [ '7.28.5' ],
16 silly audit   '@babel/plugin-transform-react-jsx-self': [ '7.27.1' ],
16 silly audit   '@babel/plugin-transform-react-jsx-source': [ '7.27.1' ],
16 silly audit   '@babel/template': [ '7.27.2' ],
16 silly audit   '@babel/traverse': [ '7.28.5' ],
16 silly audit   '@babel/types': [ '7.28.5' ],
16 silly audit   '@esbuild/aix-ppc64': [ '0.21.5' ],
16 silly audit   '@esbuild/android-arm': [ '0.21.5' ],
16 silly audit   '@esbuild/android-arm64': [ '0.21.5' ],
16 silly audit   '@esbuild/android-x64': [ '0.21.5' ],
16 silly audit   '@esbuild/darwin-arm64': [ '0.21.5' ],
16 silly audit   '@esbuild/darwin-x64': [ '0.21.5' ],
16 silly audit   '@esbuild/freebsd-arm64': [ '0.21.5' ],
16 silly audit   '@esbuild/freebsd-x64': [ '0.21.5' ],
16 silly audit   '@esbuild/linux-arm': [ '0.21.5' ],
16 silly audit   '@esbuild/linux-arm64': [ '0.21.5' ],
16 silly audit   '@esbuild/linux-ia32': [ '0.21.5' ],
16 silly audit   '@esbuild/linux-loong64': [ '0.21.5' ],
16 silly audit   '@esbuild/linux-mips64el': [ '0.21.5' ],
16 silly audit   '@esbuild/linux-ppc64': [ '0.21.5' ],
16 silly audit   '@esbuild/linux-riscv64': [ '0.21.5' ],
16 silly audit   '@esbuild/linux-s390x': [ '0.21.5' ],
16 silly audit   '@esbuild/linux-x64': [ '0.21.5' ],
16 silly audit   '@esbuild/netbsd-x64': [ '0.21.5' ],
16 silly audit   '@esbuild/openbsd-x64': [ '0.21.5' ],
16 silly audit   '@esbuild/sunos-x64': [ '0.21.5' ],
16 silly audit   '@esbuild/win32-arm64': [ '0.21.5' ],
16 silly audit   '@esbuild/win32-ia32': [ '0.21.5' ],
16 silly audit   '@esbuild/win32-x64': [ '0.21.5' ],
16 silly audit   '@eslint-community/eslint-utils': [ '4.9.1' ],
16 silly audit   'eslint-visitor-keys': [ '3.4.3', '4.2.1' ],
16 silly audit   '@eslint-community/regexpp': [ '4.12.2' ],
16 silly audit   '@eslint/config-array': [ '0.21.1' ],
16 silly audit   '@eslint/config-helpers': [ '0.4.2' ],
16 silly audit   '@eslint/core': [ '0.17.0' ],
16 silly audit   '@eslint/eslintrc': [ '3.3.3' ],
16 silly audit   globals: [ '14.0.0', '16.5.0' ],
16 silly audit   '@eslint/js': [ '9.39.2' ],
16 silly audit   '@eslint/object-schema': [ '2.1.7' ],
16 silly audit   '@eslint/plugin-kit': [ '0.4.1' ],
16 silly audit   '@humanfs/core': [ '0.19.1' ],
16 silly audit   '@humanfs/node': [ '0.16.7' ],
16 silly audit   '@humanwhocodes/module-importer': [ '1.0.1' ],
16 silly audit   '@humanwhocodes/retry': [ '0.4.3' ],
16 silly audit   '@jridgewell/gen-mapping': [ '0.3.13' ],
16 silly audit   '@jridgewell/remapping': [ '2.3.5' ],
16 silly audit   '@jridgewell/resolve-uri': [ '3.1.2' ],
16 silly audit   '@jridgewell/sourcemap-codec': [ '1.5.5' ],
16 silly audit   '@jridgewell/trace-mapping': [ '0.3.31' ],
16 silly audit   '@rolldown/pluginutils': [ '1.0.0-beta.53' ],
16 silly audit   '@types/babel__core': [ '7.20.5' ],
16 silly audit   '@types/babel__generator': [ '7.27.0' ],
16 silly audit   '@types/babel__template': [ '7.4.4' ],
16 silly audit   '@types/babel__traverse': [ '7.28.0' ],
16 silly audit   '@types/estree': [ '1.0.8' ],
16 silly audit   '@types/json-schema': [ '7.0.15' ],
16 silly audit   '@types/react': [ '19.2.7' ],
16 silly audit   '@types/react-dom': [ '19.2.3' ],
16 silly audit   '@vitejs/plugin-react': [ '5.1.2' ],
16 silly audit   acorn: [ '8.15.0' ],
16 silly audit   'acorn-jsx': [ '5.3.2' ],
16 silly audit   ajv: [ '6.12.6' ],
16 silly audit   'ansi-styles': [ '4.3.0' ],
16 silly audit   argparse: [ '2.0.1' ],
16 silly audit   'balanced-match': [ '1.0.2' ],
16 silly audit   'baseline-browser-mapping': [ '2.9.11' ],
16 silly audit   'brace-expansion': [ '1.1.12' ],
16 silly audit   browserslist: [ '4.28.1' ],
16 silly audit   callsites: [ '3.1.0' ],
16 silly audit   'caniuse-lite': [ '1.0.30001762' ],
16 silly audit   chalk: [ '4.1.2' ],
16 silly audit   'color-convert': [ '2.0.1' ],
16 silly audit   'color-name': [ '1.1.4' ],
16 silly audit   'concat-map': [ '0.0.1' ],
16 silly audit   'convert-source-map': [ '2.0.0' ],
16 silly audit   cookie: [ '1.1.1' ],
16 silly audit   'cross-spawn': [ '7.0.6' ],
16 silly audit   csstype: [ '3.2.3' ],
16 silly audit   debug: [ '4.4.3' ],
16 silly audit   'deep-is': [ '0.1.4' ],
16 silly audit   'electron-to-chromium': [ '1.5.267' ],
16 silly audit   esbuild: [ '0.21.5' ],
16 silly audit   escalade: [ '3.2.0' ],
16 silly audit   'escape-string-regexp': [ '4.0.0' ],
16 silly audit   eslint: [ '9.39.2' ],
16 silly audit   'eslint-plugin-react-hooks': [ '7.0.1' ],
16 silly audit   'eslint-plugin-react-refresh': [ '0.4.26' ],
16 silly audit   'eslint-scope': [ '8.4.0' ],
16 silly audit   espree: [ '10.4.0' ],
16 silly audit   esquery: [ '1.7.0' ],
16 silly audit   esrecurse: [ '4.3.0' ],
16 silly audit   estraverse: [ '5.3.0' ],
16 silly audit   esutils: [ '2.0.3' ],
16 silly audit   'fast-deep-equal': [ '3.1.3' ],
16 silly audit   'fast-json-stable-stringify': [ '2.1.0' ],
16 silly audit   'fast-levenshtein': [ '2.0.6' ],
16 silly audit   'file-entry-cache': [ '8.0.0' ],
16 silly audit   'find-up': [ '5.0.0' ],
16 silly audit   'flat-cache': [ '4.0.1' ],
16 silly audit   flatted: [ '3.3.3' ],
16 silly audit   fsevents: [ '2.3.3' ],
16 silly audit   gensync: [ '1.0.0-beta.2' ],
16 silly audit   'glob-parent': [ '6.0.2' ],
16 silly audit   'has-flag': [ '4.0.0' ],
16 silly audit   'hermes-estree': [ '0.25.1' ],
16 silly audit   'hermes-parser': [ '0.25.1' ],
16 silly audit   ignore: [ '5.3.2' ],
16 silly audit   'import-fresh': [ '3.3.1' ],
16 silly audit   imurmurhash: [ '0.1.4' ],
16 silly audit   'is-extglob': [ '2.1.1' ],
16 silly audit   'is-glob': [ '4.0.3' ],
16 silly audit   isexe: [ '2.0.0' ],
16 silly audit   'js-tokens': [ '4.0.0' ],
16 silly audit   'js-yaml': [ '4.1.1' ],
16 silly audit   jsesc: [ '3.1.0' ],
16 silly audit   'json-buffer': [ '3.0.1' ],
16 silly audit   'json-schema-traverse': [ '0.4.1' ],
16 silly audit   'json-stable-stringify-without-jsonify': [ '1.0.1' ],
16 silly audit   json5: [ '2.2.3' ],
16 silly audit   keyv: [ '4.5.4' ],
16 silly audit   levn: [ '0.4.1' ],
16 silly audit   'locate-path': [ '6.0.0' ],
16 silly audit   'lodash.merge': [ '4.6.2' ],
16 silly audit   'lru-cache': [ '5.1.1' ],
16 silly audit   minimatch: [ '3.1.2' ],
16 silly audit   ms: [ '2.1.3' ],
16 silly audit   nanoid: [ '3.3.11' ],
16 silly audit   'natural-compare': [ '1.4.0' ],
16 silly audit   'node-releases': [ '2.0.27' ],
16 silly audit   optionator: [ '0.9.4' ],
16 silly audit   'p-limit': [ '3.1.0' ],
16 silly audit   'p-locate': [ '5.0.0' ],
16 silly audit   'parent-module': [ '1.0.1' ],
16 silly audit   'path-exists': [ '4.0.0' ],
16 silly audit   'path-key': [ '3.1.1' ],
16 silly audit   picocolors: [ '1.1.1' ],
16 silly audit   postcss: [ '8.5.6' ],
16 silly audit   'prelude-ls': [ '1.2.1' ],
16 silly audit   punycode: [ '2.3.1' ],
16 silly audit   react: [ '19.2.3' ],
16 silly audit   'react-dom': [ '19.2.3' ],
16 silly audit   'react-icons': [ '5.5.0' ],
16 silly audit   'react-refresh': [ '0.18.0' ],
16 silly audit   'react-router': [ '7.11.0' ],
16 silly audit   'react-router-dom': [ '7.11.0' ],
16 silly audit   'resolve-from': [ '4.0.0' ],
16 silly audit   rollup: [ '4.55.1' ],
16 silly audit   scheduler: [ '0.27.0' ],
16 silly audit   semver: [ '6.3.1' ],
16 silly audit   'set-cookie-parser': [ '2.7.2' ],
16 silly audit   'shebang-command': [ '2.0.0' ],
16 silly audit   'shebang-regex': [ '3.0.0' ],
16 silly audit   'source-map-js': [ '1.2.1' ],
16 silly audit   'strip-json-comments': [ '3.1.1' ],
16 silly audit   'supports-color': [ '7.2.0' ],
16 silly audit   'type-check': [ '0.4.0' ],
16 silly audit   'update-browserslist-db': [ '1.2.3' ],
16 silly audit   'uri-js': [ '4.4.1' ],
16 silly audit   vite: [ '5.4.10' ],
16 silly audit   which: [ '2.0.2' ],
16 silly audit   'word-wrap': [ '1.2.5' ],
16 silly audit   yallist: [ '3.1.1' ],
16 silly audit   'yocto-queue': [ '0.1.0' ],
16 silly audit   zod: [ '4.3.5' ],
16 silly audit   'zod-validation-error': [ '4.0.2' ]
16 silly audit }
17 http fetch POST 200 https://registry.npmjs.org/-/npm/v1/security/advisories/bulk 487ms
18 silly audit report {
18 silly audit report   esbuild: [
18 silly audit report     {
18 silly audit report       id: 1102341,
18 silly audit report       url: 'https://github.com/advisories/GHSA-67mh-4wv8-2f99',
18 silly audit report       title: 'esbuild enables any website to send any requests to the development server and read the response',
18 silly audit report       severity: 'moderate',
18 silly audit report       vulnerable_versions: '<=0.24.2',
18 silly audit report       cwe: [Array],
18 silly audit report       cvss: [Object]
18 silly audit report     }
18 silly audit report   ],
18 silly audit report   vite: [
18 silly audit report     {
18 silly audit report       id: 1102437,
18 silly audit report       url: 'https://github.com/advisories/GHSA-vg6x-rcgg-rjx6',
18 silly audit report       title: 'Websites were able to send any requests to the development server and read the response in vite',
18 silly audit report       severity: 'moderate',
18 silly audit report       vulnerable_versions: '>=5.0.0 <=5.4.11',
18 silly audit report       cwe: [Array],
18 silly audit report       cvss: [Object]
18 silly audit report     },
18 silly audit report     {
18 silly audit report       id: 1103517,
18 silly audit report       url: 'https://github.com/advisories/GHSA-x574-m823-4x7w',
18 silly audit report       title: 'Vite bypasses server.fs.deny when using ?raw??',
18 silly audit report       severity: 'moderate',
18 silly audit report       vulnerable_versions: '>=5.0.0 <5.4.15',
18 silly audit report       cwe: [Array],
18 silly audit report       cvss: [Object]
18 silly audit report     },
18 silly audit report     {
18 silly audit report       id: 1103628,
18 silly audit report       url: 'https://github.com/advisories/GHSA-4r4m-qw57-chr8',
18 silly audit report       title: 'Vite has a `server.fs.deny` bypassed for `inline` and `raw` with `?import` query',
18 silly audit report       severity: 'moderate',
18 silly audit report       vulnerable_versions: '>=5.0.0 <5.4.16',
18 silly audit report       cwe: [Array],
18 silly audit report       cvss: [Object]
18 silly audit report     },
18 silly audit report     {
18 silly audit report       id: 1103884,
18 silly audit report       url: 'https://github.com/advisories/GHSA-356w-63v5-8wf4',
18 silly audit report       title: 'Vite has an `server.fs.deny` bypass with an invalid `request-target`',
18 silly audit report       severity: 'moderate',
18 silly audit report       vulnerable_versions: '>=5.0.0 <5.4.18',
18 silly audit report       cwe: [Array],
18 silly audit report       cvss: [Object]
18 silly audit report     },
18 silly audit report     {
18 silly audit report       id: 1104173,
18 silly audit report       url: 'https://github.com/advisories/GHSA-859w-5945-r5v3',
18 silly audit report       title: "Vite's server.fs.deny bypassed with /. for files under project root",
18 silly audit report       severity: 'moderate',
18 silly audit report       vulnerable_versions: '>=5.0.0 <=5.4.18',
18 silly audit report       cwe: [Array],
18 silly audit report       cvss: [Object]
18 silly audit report     },
18 silly audit report     {
18 silly audit report       id: 1104202,
18 silly audit report       url: 'https://github.com/advisories/GHSA-xcj6-pq6g-qj4x',
18 silly audit report       title: 'Vite allows server.fs.deny to be bypassed with .svg or relative paths',
18 silly audit report       severity: 'moderate',
18 silly audit report       vulnerable_versions: '>=5.0.0 <5.4.17',
18 silly audit report       cwe: [Array],
18 silly audit report       cvss: [Object]
18 silly audit report     },
18 silly audit report     {
18 silly audit report       id: 1107323,
18 silly audit report       url: 'https://github.com/advisories/GHSA-g4jq-h2w9-997c',
18 silly audit report       title: 'Vite middleware may serve files starting with the same name with the public directory',
18 silly audit report       severity: 'low',
18 silly audit report       vulnerable_versions: '<=5.4.19',
18 silly audit report       cwe: [Array],
18 silly audit report       cvss: [Object]
18 silly audit report     },
18 silly audit report     {
18 silly audit report       id: 1107327,
18 silly audit report       url: 'https://github.com/advisories/GHSA-jqfw-vq24-v9c3',
18 silly audit report       title: "Vite's `server.fs` settings were not applied to HTML files",
18 silly audit report       severity: 'low',
18 silly audit report       vulnerable_versions: '<=5.4.19',
18 silly audit report       cwe: [Array],
18 silly audit report       cvss: [Object]
18 silly audit report     },
18 silly audit report     {
18 silly audit report       id: 1109131,
18 silly audit report       url: 'https://github.com/advisories/GHSA-93m4-6634-74q7',
18 silly audit report       title: 'vite allows server.fs.deny bypass via backslash on Windows',
18 silly audit report       severity: 'moderate',
18 silly audit report       vulnerable_versions: '>=5.2.6 <=5.4.20',
18 silly audit report       cwe: [Array],
18 silly audit report       cvss: [Object]
18 silly audit report     }
18 silly audit report   ]
18 silly audit report }
19 silly packumentCache corgi:https://registry.npmjs.org/esbuild cache-miss
20 silly packumentCache corgi:https://registry.npmjs.org/vite cache-miss
21 http cache https://registry.npmjs.org/esbuild 39ms (cache hit)
22 silly packumentCache corgi:https://registry.npmjs.org/esbuild set size:877737 disposed:false
23 http cache https://registry.npmjs.org/vite 51ms (cache hit)
24 silly packumentCache corgi:https://registry.npmjs.org/vite set size:2163324 disposed:false
25 silly packumentCache corgi:https://registry.npmjs.org/@vitejs%2fplugin-react cache-miss
26 http cache https://registry.npmjs.org/@vitejs%2fplugin-react 6ms (cache hit)
27 silly packumentCache corgi:https://registry.npmjs.org/@vitejs%2fplugin-react set size:104872 disposed:false
28 verbose cwd C:\Users\patil\OneDrive\Desktop\Pursuit\Pursuit_2026
29 verbose os Windows_NT 10.0.26200
30 verbose node v24.9.0
31 verbose npm  v11.6.0
32 verbose exit 0
33 info ok
