0 verbose cli C:\Program Files\nodejs\node.exe C:\Program Files\nodejs\node_modules\npm\bin\npm-cli.js
1 info using npm@11.6.0
2 info using node@v24.9.0
3 silly config load:file:C:\Program Files\nodejs\node_modules\npm\npmrc
4 silly config load:file:C:\Users\patil\OneDrive\Desktop\Pursuit\Pursuit_2026\.npmrc
5 silly config load:file:C:\Users\patil\.npmrc
6 silly config load:file:C:\Users\patil\OneDrive\Desktop\Pursuit\Pursuit_2026\%APPDATA%\npm\etc\npmrc
7 verbose title npm install
8 verbose argv "install"
9 verbose logfile logs-max:10 dir:C:\Users\patil\OneDrive\Desktop\Pursuit\Pursuit_2026\%APPDATA%\npm-cache\_logs\2026-01-08T07_03_39_004Z-
10 verbose logfile C:\Users\patil\OneDrive\Desktop\Pursuit\Pursuit_2026\%APPDATA%\npm-cache\_logs\2026-01-08T07_03_39_004Z-debug-0.log
11 silly logfile done cleaning log files
12 silly packumentCache heap:4496293888 maxSize:1124073472 maxEntrySize:562036736
13 silly idealTree buildDeps
14 silly reify moves {}
15 silly audit bulk request {
15 silly audit   '@babel/code-frame': [ '7.27.1' ],
15 silly audit   '@babel/compat-data': [ '7.28.5' ],
15 silly audit   '@babel/core': [ '7.28.5' ],
15 silly audit   '@babel/generator': [ '7.28.5' ],
15 silly audit   '@babel/helper-compilation-targets': [ '7.27.2' ],
15 silly audit   '@babel/helper-globals': [ '7.28.0' ],
15 silly audit   '@babel/helper-module-imports': [ '7.27.1' ],
15 silly audit   '@babel/helper-module-transforms': [ '7.28.3' ],
15 silly audit   '@babel/helper-plugin-utils': [ '7.27.1' ],
15 silly audit   '@babel/helper-string-parser': [ '7.27.1' ],
15 silly audit   '@babel/helper-validator-identifier': [ '7.28.5' ],
15 silly audit   '@babel/helper-validator-option': [ '7.27.1' ],
15 silly audit   '@babel/helpers': [ '7.28.4' ],
15 silly audit   '@babel/parser': [ '7.28.5' ],
15 silly audit   '@babel/plugin-transform-react-jsx-self': [ '7.27.1' ],
15 silly audit   '@babel/plugin-transform-react-jsx-source': [ '7.27.1' ],
15 silly audit   '@babel/template': [ '7.27.2' ],
15 silly audit   '@babel/traverse': [ '7.28.5' ],
15 silly audit   '@babel/types': [ '7.28.5' ],
15 silly audit   '@esbuild/aix-ppc64': [ '0.27.2' ],
15 silly audit   '@esbuild/android-arm': [ '0.27.2' ],
15 silly audit   '@esbuild/android-arm64': [ '0.27.2' ],
15 silly audit   '@esbuild/android-x64': [ '0.27.2' ],
15 silly audit   '@esbuild/darwin-arm64': [ '0.27.2' ],
15 silly audit   '@esbuild/darwin-x64': [ '0.27.2' ],
15 silly audit   '@esbuild/freebsd-arm64': [ '0.27.2' ],
15 silly audit   '@esbuild/freebsd-x64': [ '0.27.2' ],
15 silly audit   '@esbuild/linux-arm': [ '0.27.2' ],
15 silly audit   '@esbuild/linux-arm64': [ '0.27.2' ],
15 silly audit   '@esbuild/linux-ia32': [ '0.27.2' ],
15 silly audit   '@esbuild/linux-loong64': [ '0.27.2' ],
15 silly audit   '@esbuild/linux-mips64el': [ '0.27.2' ],
15 silly audit   '@esbuild/linux-ppc64': [ '0.27.2' ],
15 silly audit   '@esbuild/linux-riscv64': [ '0.27.2' ],
15 silly audit   '@esbuild/linux-s390x': [ '0.27.2' ],
15 silly audit   '@esbuild/linux-x64': [ '0.27.2' ],
15 silly audit   '@esbuild/netbsd-arm64': [ '0.27.2' ],
15 silly audit   '@esbuild/netbsd-x64': [ '0.27.2' ],
15 silly audit   '@esbuild/openbsd-arm64': [ '0.27.2' ],
15 silly audit   '@esbuild/openbsd-x64': [ '0.27.2' ],
15 silly audit   '@esbuild/openharmony-arm64': [ '0.27.2' ],
15 silly audit   '@esbuild/sunos-x64': [ '0.27.2' ],
15 silly audit   '@esbuild/win32-arm64': [ '0.27.2' ],
15 silly audit   '@esbuild/win32-ia32': [ '0.27.2' ],
15 silly audit   '@esbuild/win32-x64': [ '0.27.2' ],
15 silly audit   '@eslint-community/eslint-utils': [ '4.9.1' ],
15 silly audit   'eslint-visitor-keys': [ '3.4.3', '4.2.1' ],
15 silly audit   '@eslint-community/regexpp': [ '4.12.2' ],
15 silly audit   '@eslint/config-array': [ '0.21.1' ],
15 silly audit   '@eslint/config-helpers': [ '0.4.2' ],
15 silly audit   '@eslint/core': [ '0.17.0' ],
15 silly audit   '@eslint/eslintrc': [ '3.3.3' ],
15 silly audit   globals: [ '14.0.0', '16.5.0' ],
15 silly audit   '@eslint/js': [ '9.39.2' ],
15 silly audit   '@eslint/object-schema': [ '2.1.7' ],
15 silly audit   '@eslint/plugin-kit': [ '0.4.1' ],
15 silly audit   '@humanfs/core': [ '0.19.1' ],
15 silly audit   '@humanfs/node': [ '0.16.7' ],
15 silly audit   '@humanwhocodes/module-importer': [ '1.0.1' ],
15 silly audit   '@humanwhocodes/retry': [ '0.4.3' ],
15 silly audit   '@jridgewell/gen-mapping': [ '0.3.13' ],
15 silly audit   '@jridgewell/remapping': [ '2.3.5' ],
15 silly audit   '@jridgewell/resolve-uri': [ '3.1.2' ],
15 silly audit   '@jridgewell/sourcemap-codec': [ '1.5.5' ],
15 silly audit   '@jridgewell/trace-mapping': [ '0.3.31' ],
15 silly audit   '@rolldown/pluginutils': [ '1.0.0-beta.53' ],
15 silly audit   '@rollup/rollup-android-arm-eabi': [ '4.55.1' ],
15 silly audit   '@rollup/rollup-android-arm64': [ '4.55.1' ],
15 silly audit   '@rollup/rollup-darwin-arm64': [ '4.55.1' ],
15 silly audit   '@rollup/rollup-darwin-x64': [ '4.55.1' ],
15 silly audit   '@rollup/rollup-freebsd-arm64': [ '4.55.1' ],
15 silly audit   '@rollup/rollup-freebsd-x64': [ '4.55.1' ],
15 silly audit   '@rollup/rollup-linux-arm-gnueabihf': [ '4.55.1' ],
15 silly audit   '@rollup/rollup-linux-arm-musleabihf': [ '4.55.1' ],
15 silly audit   '@rollup/rollup-linux-arm64-gnu': [ '4.55.1' ],
15 silly audit   '@rollup/rollup-linux-arm64-musl': [ '4.55.1' ],
15 silly audit   '@rollup/rollup-linux-loong64-gnu': [ '4.55.1' ],
15 silly audit   '@rollup/rollup-linux-loong64-musl': [ '4.55.1' ],
15 silly audit   '@rollup/rollup-linux-ppc64-gnu': [ '4.55.1' ],
15 silly audit   '@rollup/rollup-linux-ppc64-musl': [ '4.55.1' ],
15 silly audit   '@rollup/rollup-linux-riscv64-gnu': [ '4.55.1' ],
15 silly audit   '@rollup/rollup-linux-riscv64-musl': [ '4.55.1' ],
15 silly audit   '@rollup/rollup-linux-s390x-gnu': [ '4.55.1' ],
15 silly audit   '@rollup/rollup-linux-x64-gnu': [ '4.55.1' ],
15 silly audit   '@rollup/rollup-linux-x64-musl': [ '4.55.1' ],
15 silly audit   '@rollup/rollup-openbsd-x64': [ '4.55.1' ],
15 silly audit   '@rollup/rollup-openharmony-arm64': [ '4.55.1' ],
15 silly audit   '@rollup/rollup-win32-arm64-msvc': [ '4.55.1' ],
15 silly audit   '@rollup/rollup-win32-ia32-msvc': [ '4.55.1' ],
15 silly audit   '@rollup/rollup-win32-x64-gnu': [ '4.55.1' ],
15 silly audit   '@rollup/rollup-win32-x64-msvc': [ '4.55.1' ],
15 silly audit   '@types/babel__core': [ '7.20.5' ],
15 silly audit   '@types/babel__generator': [ '7.27.0' ],
15 silly audit   '@types/babel__template': [ '7.4.4' ],
15 silly audit   '@types/babel__traverse': [ '7.28.0' ],
15 silly audit   '@types/estree': [ '1.0.8' ],
15 silly audit   '@types/json-schema': [ '7.0.15' ],
15 silly audit   '@types/react': [ '19.2.7' ],
15 silly audit   '@types/react-dom': [ '19.2.3' ],
15 silly audit   '@vitejs/plugin-react': [ '5.1.2' ],
15 silly audit   acorn: [ '8.15.0' ],
15 silly audit   'acorn-jsx': [ '5.3.2' ],
15 silly audit   ajv: [ '6.12.6' ],
15 silly audit   'ansi-styles': [ '4.3.0' ],
15 silly audit   argparse: [ '2.0.1' ],
15 silly audit   'balanced-match': [ '1.0.2' ],
15 silly audit   'baseline-browser-mapping': [ '2.9.11' ],
15 silly audit   'brace-expansion': [ '1.1.12' ],
15 silly audit   browserslist: [ '4.28.1' ],
15 silly audit   callsites: [ '3.1.0' ],
15 silly audit   'caniuse-lite': [ '1.0.30001762' ],
15 silly audit   chalk: [ '4.1.2' ],
15 silly audit   'color-convert': [ '2.0.1' ],
15 silly audit   'color-name': [ '1.1.4' ],
15 silly audit   'concat-map': [ '0.0.1' ],
15 silly audit   'convert-source-map': [ '2.0.0' ],
15 silly audit   cookie: [ '1.1.1' ],
15 silly audit   'cross-spawn': [ '7.0.6' ],
15 silly audit   csstype: [ '3.2.3' ],
15 silly audit   debug: [ '4.4.3' ],
15 silly audit   'deep-is': [ '0.1.4' ],
15 silly audit   'electron-to-chromium': [ '1.5.267' ],
15 silly audit   esbuild: [ '0.27.2' ],
15 silly audit   escalade: [ '3.2.0' ],
15 silly audit   'escape-string-regexp': [ '4.0.0' ],
15 silly audit   eslint: [ '9.39.2' ],
15 silly audit   'eslint-plugin-react-hooks': [ '7.0.1' ],
15 silly audit   'eslint-plugin-react-refresh': [ '0.4.26' ],
15 silly audit   'eslint-scope': [ '8.4.0' ],
15 silly audit   espree: [ '10.4.0' ],
15 silly audit   esquery: [ '1.7.0' ],
15 silly audit   esrecurse: [ '4.3.0' ],
15 silly audit   estraverse: [ '5.3.0' ],
15 silly audit   esutils: [ '2.0.3' ],
15 silly audit   'fast-deep-equal': [ '3.1.3' ],
15 silly audit   'fast-json-stable-stringify': [ '2.1.0' ],
15 silly audit   'fast-levenshtein': [ '2.0.6' ],
15 silly audit   fdir: [ '6.5.0' ],
15 silly audit   'file-entry-cache': [ '8.0.0' ],
15 silly audit   'find-up': [ '5.0.0' ],
15 silly audit   'flat-cache': [ '4.0.1' ],
15 silly audit   flatted: [ '3.3.3' ],
15 silly audit   fsevents: [ '2.3.3' ],
15 silly audit   gensync: [ '1.0.0-beta.2' ],
15 silly audit   'glob-parent': [ '6.0.2' ],
15 silly audit   'has-flag': [ '4.0.0' ],
15 silly audit   'hermes-estree': [ '0.25.1' ],
15 silly audit   'hermes-parser': [ '0.25.1' ],
15 silly audit   ignore: [ '5.3.2' ],
15 silly audit   'import-fresh': [ '3.3.1' ],
15 silly audit   imurmurhash: [ '0.1.4' ],
15 silly audit   'is-extglob': [ '2.1.1' ],
15 silly audit   'is-glob': [ '4.0.3' ],
15 silly audit   isexe: [ '2.0.0' ],
15 silly audit   'js-tokens': [ '4.0.0' ],
15 silly audit   'js-yaml': [ '4.1.1' ],
15 silly audit   jsesc: [ '3.1.0' ],
15 silly audit   'json-buffer': [ '3.0.1' ],
15 silly audit   'json-schema-traverse': [ '0.4.1' ],
15 silly audit   'json-stable-stringify-without-jsonify': [ '1.0.1' ],
15 silly audit   json5: [ '2.2.3' ],
15 silly audit   keyv: [ '4.5.4' ],
15 silly audit   levn: [ '0.4.1' ],
15 silly audit   'locate-path': [ '6.0.0' ],
15 silly audit   'lodash.merge': [ '4.6.2' ],
15 silly audit   'lru-cache': [ '5.1.1' ],
15 silly audit   minimatch: [ '3.1.2' ],
15 silly audit   ms: [ '2.1.3' ],
15 silly audit   nanoid: [ '3.3.11' ],
15 silly audit   'natural-compare': [ '1.4.0' ],
15 silly audit   'node-releases': [ '2.0.27' ],
15 silly audit   optionator: [ '0.9.4' ],
15 silly audit   'p-limit': [ '3.1.0' ],
15 silly audit   'p-locate': [ '5.0.0' ],
15 silly audit   'parent-module': [ '1.0.1' ],
15 silly audit   'path-exists': [ '4.0.0' ],
15 silly audit   'path-key': [ '3.1.1' ],
15 silly audit   picocolors: [ '1.1.1' ],
15 silly audit   picomatch: [ '4.0.3' ],
15 silly audit   postcss: [ '8.5.6' ],
15 silly audit   'prelude-ls': [ '1.2.1' ],
15 silly audit   punycode: [ '2.3.1' ],
15 silly audit   react: [ '19.2.3' ],
15 silly audit   'react-dom': [ '19.2.3' ],
15 silly audit   'react-icons': [ '5.5.0' ],
15 silly audit   'react-refresh': [ '0.18.0' ],
15 silly audit   'react-router': [ '7.11.0' ],
15 silly audit   'react-router-dom': [ '7.11.0' ],
15 silly audit   'resolve-from': [ '4.0.0' ],
15 silly audit   rollup: [ '4.55.1' ],
15 silly audit   scheduler: [ '0.27.0' ],
15 silly audit   semver: [ '6.3.1' ],
15 silly audit   'set-cookie-parser': [ '2.7.2' ],
15 silly audit   'shebang-command': [ '2.0.0' ],
15 silly audit   'shebang-regex': [ '3.0.0' ],
15 silly audit   'source-map-js': [ '1.2.1' ],
15 silly audit   'strip-json-comments': [ '3.1.1' ],
15 silly audit   'supports-color': [ '7.2.0' ],
15 silly audit   tinyglobby: [ '0.2.15' ],
15 silly audit   'type-check': [ '0.4.0' ],
15 silly audit   'update-browserslist-db': [ '1.2.3' ],
15 silly audit   'uri-js': [ '4.4.1' ],
15 silly audit   vite: [ '7.3.0' ],
15 silly audit   which: [ '2.0.2' ],
15 silly audit   'word-wrap': [ '1.2.5' ],
15 silly audit   yallist: [ '3.1.1' ],
15 silly audit   'yocto-queue': [ '0.1.0' ],
15 silly audit   zod: [ '4.3.5' ],
15 silly audit   'zod-validation-error': [ '4.0.2' ]
15 silly audit }
16 verbose reify failed optional dependency C:\Users\patil\OneDrive\Desktop\Pursuit\Pursuit_2026\node_modules\fsevents
17 silly reify mark deleted [
17 silly reify   'C:\\Users\\patil\\OneDrive\\Desktop\\Pursuit\\Pursuit_2026\\node_modules\\fsevents'
17 silly reify ]
18 verbose reify failed optional dependency C:\Users\patil\OneDrive\Desktop\Pursuit\Pursuit_2026\node_modules\@rollup\rollup-win32-ia32-msvc
19 silly reify mark deleted [
19 silly reify   'C:\\Users\\patil\\OneDrive\\Desktop\\Pursuit\\Pursuit_2026\\node_modules\\@rollup\\rollup-win32-ia32-msvc'
19 silly reify ]
20 verbose reify failed optional dependency C:\Users\patil\OneDrive\Desktop\Pursuit\Pursuit_2026\node_modules\@rollup\rollup-win32-arm64-msvc
21 silly reify mark deleted [
21 silly reify   'C:\\Users\\patil\\OneDrive\\Desktop\\Pursuit\\Pursuit_2026\\node_modules\\@rollup\\rollup-win32-arm64-msvc'
21 silly reify ]
22 verbose reify failed optional dependency C:\Users\patil\OneDrive\Desktop\Pursuit\Pursuit_2026\node_modules\@rollup\rollup-openharmony-arm64
23 silly reify mark deleted [
23 silly reify   'C:\\Users\\patil\\OneDrive\\Desktop\\Pursuit\\Pursuit_2026\\node_modules\\@rollup\\rollup-openharmony-arm64'
23 silly reify ]
24 verbose reify failed optional dependency C:\Users\patil\OneDrive\Desktop\Pursuit\Pursuit_2026\node_modules\@rollup\rollup-openbsd-x64
25 silly reify mark deleted [
25 silly reify   'C:\\Users\\patil\\OneDrive\\Desktop\\Pursuit\\Pursuit_2026\\node_modules\\@rollup\\rollup-openbsd-x64'
25 silly reify ]
26 verbose reify failed optional dependency C:\Users\patil\OneDrive\Desktop\Pursuit\Pursuit_2026\node_modules\@rollup\rollup-linux-x64-musl
27 silly reify mark deleted [
27 silly reify   'C:\\Users\\patil\\OneDrive\\Desktop\\Pursuit\\Pursuit_2026\\node_modules\\@rollup\\rollup-linux-x64-musl'
27 silly reify ]
28 verbose reify failed optional dependency C:\Users\patil\OneDrive\Desktop\Pursuit\Pursuit_2026\node_modules\@rollup\rollup-linux-x64-gnu
29 silly reify mark deleted [
29 silly reify   'C:\\Users\\patil\\OneDrive\\Desktop\\Pursuit\\Pursuit_2026\\node_modules\\@rollup\\rollup-linux-x64-gnu'
29 silly reify ]
30 verbose reify failed optional dependency C:\Users\patil\OneDrive\Desktop\Pursuit\Pursuit_2026\node_modules\@rollup\rollup-linux-s390x-gnu
31 silly reify mark deleted [
31 silly reify   'C:\\Users\\patil\\OneDrive\\Desktop\\Pursuit\\Pursuit_2026\\node_modules\\@rollup\\rollup-linux-s390x-gnu'
31 silly reify ]
32 verbose reify failed optional dependency C:\Users\patil\OneDrive\Desktop\Pursuit\Pursuit_2026\node_modules\@rollup\rollup-linux-riscv64-musl
33 silly reify mark deleted [
33 silly reify   'C:\\Users\\patil\\OneDrive\\Desktop\\Pursuit\\Pursuit_2026\\node_modules\\@rollup\\rollup-linux-riscv64-musl'
33 silly reify ]
34 verbose reify failed optional dependency C:\Users\patil\OneDrive\Desktop\Pursuit\Pursuit_2026\node_modules\@rollup\rollup-linux-riscv64-gnu
35 silly reify mark deleted [
35 silly reify   'C:\\Users\\patil\\OneDrive\\Desktop\\Pursuit\\Pursuit_2026\\node_modules\\@rollup\\rollup-linux-riscv64-gnu'
35 silly reify ]
36 verbose reify failed optional dependency C:\Users\patil\OneDrive\Desktop\Pursuit\Pursuit_2026\node_modules\@rollup\rollup-linux-ppc64-musl
37 silly reify mark deleted [
37 silly reify   'C:\\Users\\patil\\OneDrive\\Desktop\\Pursuit\\Pursuit_2026\\node_modules\\@rollup\\rollup-linux-ppc64-musl'
37 silly reify ]
38 verbose reify failed optional dependency C:\Users\patil\OneDrive\Desktop\Pursuit\Pursuit_2026\node_modules\@rollup\rollup-linux-ppc64-gnu
39 silly reify mark deleted [
39 silly reify   'C:\\Users\\patil\\OneDrive\\Desktop\\Pursuit\\Pursuit_2026\\node_modules\\@rollup\\rollup-linux-ppc64-gnu'
39 silly reify ]
40 verbose reify failed optional dependency C:\Users\patil\OneDrive\Desktop\Pursuit\Pursuit_2026\node_modules\@rollup\rollup-linux-loong64-musl
41 silly reify mark deleted [
41 silly reify   'C:\\Users\\patil\\OneDrive\\Desktop\\Pursuit\\Pursuit_2026\\node_modules\\@rollup\\rollup-linux-loong64-musl'
41 silly reify ]
42 verbose reify failed optional dependency C:\Users\patil\OneDrive\Desktop\Pursuit\Pursuit_2026\node_modules\@rollup\rollup-linux-loong64-gnu
43 silly reify mark deleted [
43 silly reify   'C:\\Users\\patil\\OneDrive\\Desktop\\Pursuit\\Pursuit_2026\\node_modules\\@rollup\\rollup-linux-loong64-gnu'
43 silly reify ]
44 verbose reify failed optional dependency C:\Users\patil\OneDrive\Desktop\Pursuit\Pursuit_2026\node_modules\@rollup\rollup-linux-arm64-musl
45 silly reify mark deleted [
45 silly reify   'C:\\Users\\patil\\OneDrive\\Desktop\\Pursuit\\Pursuit_2026\\node_modules\\@rollup\\rollup-linux-arm64-musl'
45 silly reify ]
46 verbose reify failed optional dependency C:\Users\patil\OneDrive\Desktop\Pursuit\Pursuit_2026\node_modules\@rollup\rollup-linux-arm64-gnu
47 silly reify mark deleted [
47 silly reify   'C:\\Users\\patil\\OneDrive\\Desktop\\Pursuit\\Pursuit_2026\\node_modules\\@rollup\\rollup-linux-arm64-gnu'
47 silly reify ]
48 verbose reify failed optional dependency C:\Users\patil\OneDrive\Desktop\Pursuit\Pursuit_2026\node_modules\@rollup\rollup-linux-arm-musleabihf
49 silly reify mark deleted [
49 silly reify   'C:\\Users\\patil\\OneDrive\\Desktop\\Pursuit\\Pursuit_2026\\node_modules\\@rollup\\rollup-linux-arm-musleabihf'
49 silly reify ]
50 verbose reify failed optional dependency C:\Users\patil\OneDrive\Desktop\Pursuit\Pursuit_2026\node_modules\@rollup\rollup-linux-arm-gnueabihf
51 silly reify mark deleted [
51 silly reify   'C:\\Users\\patil\\OneDrive\\Desktop\\Pursuit\\Pursuit_2026\\node_modules\\@rollup\\rollup-linux-arm-gnueabihf'
51 silly reify ]
52 verbose reify failed optional dependency C:\Users\patil\OneDrive\Desktop\Pursuit\Pursuit_2026\node_modules\@rollup\rollup-freebsd-x64
53 silly reify mark deleted [
53 silly reify   'C:\\Users\\patil\\OneDrive\\Desktop\\Pursuit\\Pursuit_2026\\node_modules\\@rollup\\rollup-freebsd-x64'
53 silly reify ]
54 verbose reify failed optional dependency C:\Users\patil\OneDrive\Desktop\Pursuit\Pursuit_2026\node_modules\@rollup\rollup-freebsd-arm64
55 silly reify mark deleted [
55 silly reify   'C:\\Users\\patil\\OneDrive\\Desktop\\Pursuit\\Pursuit_2026\\node_modules\\@rollup\\rollup-freebsd-arm64'
55 silly reify ]
56 verbose reify failed optional dependency C:\Users\patil\OneDrive\Desktop\Pursuit\Pursuit_2026\node_modules\@rollup\rollup-darwin-x64
57 silly reify mark deleted [
57 silly reify   'C:\\Users\\patil\\OneDrive\\Desktop\\Pursuit\\Pursuit_2026\\node_modules\\@rollup\\rollup-darwin-x64'
57 silly reify ]
58 verbose reify failed optional dependency C:\Users\patil\OneDrive\Desktop\Pursuit\Pursuit_2026\node_modules\@rollup\rollup-darwin-arm64
59 silly reify mark deleted [
59 silly reify   'C:\\Users\\patil\\OneDrive\\Desktop\\Pursuit\\Pursuit_2026\\node_modules\\@rollup\\rollup-darwin-arm64'
59 silly reify ]
60 verbose reify failed optional dependency C:\Users\patil\OneDrive\Desktop\Pursuit\Pursuit_2026\node_modules\@rollup\rollup-android-arm64
61 silly reify mark deleted [
61 silly reify   'C:\\Users\\patil\\OneDrive\\Desktop\\Pursuit\\Pursuit_2026\\node_modules\\@rollup\\rollup-android-arm64'
61 silly reify ]
62 verbose reify failed optional dependency C:\Users\patil\OneDrive\Desktop\Pursuit\Pursuit_2026\node_modules\@rollup\rollup-android-arm-eabi
63 silly reify mark deleted [
63 silly reify   'C:\\Users\\patil\\OneDrive\\Desktop\\Pursuit\\Pursuit_2026\\node_modules\\@rollup\\rollup-android-arm-eabi'
63 silly reify ]
64 verbose reify failed optional dependency C:\Users\patil\OneDrive\Desktop\Pursuit\Pursuit_2026\node_modules\@esbuild\win32-ia32
65 silly reify mark deleted [
65 silly reify   'C:\\Users\\patil\\OneDrive\\Desktop\\Pursuit\\Pursuit_2026\\node_modules\\@esbuild\\win32-ia32'
65 silly reify ]
66 verbose reify failed optional dependency C:\Users\patil\OneDrive\Desktop\Pursuit\Pursuit_2026\node_modules\@esbuild\win32-arm64
67 silly reify mark deleted [
67 silly reify   'C:\\Users\\patil\\OneDrive\\Desktop\\Pursuit\\Pursuit_2026\\node_modules\\@esbuild\\win32-arm64'
67 silly reify ]
68 verbose reify failed optional dependency C:\Users\patil\OneDrive\Desktop\Pursuit\Pursuit_2026\node_modules\@esbuild\sunos-x64
69 silly reify mark deleted [
69 silly reify   'C:\\Users\\patil\\OneDrive\\Desktop\\Pursuit\\Pursuit_2026\\node_modules\\@esbuild\\sunos-x64'
69 silly reify ]
70 verbose reify failed optional dependency C:\Users\patil\OneDrive\Desktop\Pursuit\Pursuit_2026\node_modules\@esbuild\openharmony-arm64
71 silly reify mark deleted [
71 silly reify   'C:\\Users\\patil\\OneDrive\\Desktop\\Pursuit\\Pursuit_2026\\node_modules\\@esbuild\\openharmony-arm64'
71 silly reify ]
72 verbose reify failed optional dependency C:\Users\patil\OneDrive\Desktop\Pursuit\Pursuit_2026\node_modules\@esbuild\openbsd-x64
73 silly reify mark deleted [
73 silly reify   'C:\\Users\\patil\\OneDrive\\Desktop\\Pursuit\\Pursuit_2026\\node_modules\\@esbuild\\openbsd-x64'
73 silly reify ]
74 verbose reify failed optional dependency C:\Users\patil\OneDrive\Desktop\Pursuit\Pursuit_2026\node_modules\@esbuild\openbsd-arm64
75 silly reify mark deleted [
75 silly reify   'C:\\Users\\patil\\OneDrive\\Desktop\\Pursuit\\Pursuit_2026\\node_modules\\@esbuild\\openbsd-arm64'
75 silly reify ]
76 verbose reify failed optional dependency C:\Users\patil\OneDrive\Desktop\Pursuit\Pursuit_2026\node_modules\@esbuild\netbsd-x64
77 silly reify mark deleted [
77 silly reify   'C:\\Users\\patil\\OneDrive\\Desktop\\Pursuit\\Pursuit_2026\\node_modules\\@esbuild\\netbsd-x64'
77 silly reify ]
78 verbose reify failed optional dependency C:\Users\patil\OneDrive\Desktop\Pursuit\Pursuit_2026\node_modules\@esbuild\netbsd-arm64
79 silly reify mark deleted [
79 silly reify   'C:\\Users\\patil\\OneDrive\\Desktop\\Pursuit\\Pursuit_2026\\node_modules\\@esbuild\\netbsd-arm64'
79 silly reify ]
80 verbose reify failed optional dependency C:\Users\patil\OneDrive\Desktop\Pursuit\Pursuit_2026\node_modules\@esbuild\linux-x64
81 silly reify mark deleted [
81 silly reify   'C:\\Users\\patil\\OneDrive\\Desktop\\Pursuit\\Pursuit_2026\\node_modules\\@esbuild\\linux-x64'
81 silly reify ]
82 verbose reify failed optional dependency C:\Users\patil\OneDrive\Desktop\Pursuit\Pursuit_2026\node_modules\@esbuild\linux-s390x
83 silly reify mark deleted [
83 silly reify   'C:\\Users\\patil\\OneDrive\\Desktop\\Pursuit\\Pursuit_2026\\node_modules\\@esbuild\\linux-s390x'
83 silly reify ]
84 verbose reify failed optional dependency C:\Users\patil\OneDrive\Desktop\Pursuit\Pursuit_2026\node_modules\@esbuild\linux-riscv64
85 silly reify mark deleted [
85 silly reify   'C:\\Users\\patil\\OneDrive\\Desktop\\Pursuit\\Pursuit_2026\\node_modules\\@esbuild\\linux-riscv64'
85 silly reify ]
86 verbose reify failed optional dependency C:\Users\patil\OneDrive\Desktop\Pursuit\Pursuit_2026\node_modules\@esbuild\linux-ppc64
87 silly reify mark deleted [
87 silly reify   'C:\\Users\\patil\\OneDrive\\Desktop\\Pursuit\\Pursuit_2026\\node_modules\\@esbuild\\linux-ppc64'
87 silly reify ]
88 verbose reify failed optional dependency C:\Users\patil\OneDrive\Desktop\Pursuit\Pursuit_2026\node_modules\@esbuild\linux-mips64el
89 silly reify mark deleted [
89 silly reify   'C:\\Users\\patil\\OneDrive\\Desktop\\Pursuit\\Pursuit_2026\\node_modules\\@esbuild\\linux-mips64el'
89 silly reify ]
90 verbose reify failed optional dependency C:\Users\patil\OneDrive\Desktop\Pursuit\Pursuit_2026\node_modules\@esbuild\linux-loong64
91 silly reify mark deleted [
91 silly reify   'C:\\Users\\patil\\OneDrive\\Desktop\\Pursuit\\Pursuit_2026\\node_modules\\@esbuild\\linux-loong64'
91 silly reify ]
92 verbose reify failed optional dependency C:\Users\patil\OneDrive\Desktop\Pursuit\Pursuit_2026\node_modules\@esbuild\linux-ia32
93 silly reify mark deleted [
93 silly reify   'C:\\Users\\patil\\OneDrive\\Desktop\\Pursuit\\Pursuit_2026\\node_modules\\@esbuild\\linux-ia32'
93 silly reify ]
94 verbose reify failed optional dependency C:\Users\patil\OneDrive\Desktop\Pursuit\Pursuit_2026\node_modules\@esbuild\linux-arm64
95 silly reify mark deleted [
95 silly reify   'C:\\Users\\patil\\OneDrive\\Desktop\\Pursuit\\Pursuit_2026\\node_modules\\@esbuild\\linux-arm64'
95 silly reify ]
96 verbose reify failed optional dependency C:\Users\patil\OneDrive\Desktop\Pursuit\Pursuit_2026\node_modules\@esbuild\linux-arm
97 silly reify mark deleted [
97 silly reify   'C:\\Users\\patil\\OneDrive\\Desktop\\Pursuit\\Pursuit_2026\\node_modules\\@esbuild\\linux-arm'
97 silly reify ]
98 verbose reify failed optional dependency C:\Users\patil\OneDrive\Desktop\Pursuit\Pursuit_2026\node_modules\@esbuild\freebsd-x64
99 silly reify mark deleted [
99 silly reify   'C:\\Users\\patil\\OneDrive\\Desktop\\Pursuit\\Pursuit_2026\\node_modules\\@esbuild\\freebsd-x64'
99 silly reify ]
100 verbose reify failed optional dependency C:\Users\patil\OneDrive\Desktop\Pursuit\Pursuit_2026\node_modules\@esbuild\freebsd-arm64
101 silly reify mark deleted [
101 silly reify   'C:\\Users\\patil\\OneDrive\\Desktop\\Pursuit\\Pursuit_2026\\node_modules\\@esbuild\\freebsd-arm64'
101 silly reify ]
102 verbose reify failed optional dependency C:\Users\patil\OneDrive\Desktop\Pursuit\Pursuit_2026\node_modules\@esbuild\darwin-x64
103 silly reify mark deleted [
103 silly reify   'C:\\Users\\patil\\OneDrive\\Desktop\\Pursuit\\Pursuit_2026\\node_modules\\@esbuild\\darwin-x64'
103 silly reify ]
104 verbose reify failed optional dependency C:\Users\patil\OneDrive\Desktop\Pursuit\Pursuit_2026\node_modules\@esbuild\darwin-arm64
105 silly reify mark deleted [
105 silly reify   'C:\\Users\\patil\\OneDrive\\Desktop\\Pursuit\\Pursuit_2026\\node_modules\\@esbuild\\darwin-arm64'
105 silly reify ]
106 verbose reify failed optional dependency C:\Users\patil\OneDrive\Desktop\Pursuit\Pursuit_2026\node_modules\@esbuild\android-x64
107 silly reify mark deleted [
107 silly reify   'C:\\Users\\patil\\OneDrive\\Desktop\\Pursuit\\Pursuit_2026\\node_modules\\@esbuild\\android-x64'
107 silly reify ]
108 verbose reify failed optional dependency C:\Users\patil\OneDrive\Desktop\Pursuit\Pursuit_2026\node_modules\@esbuild\android-arm64
109 silly reify mark deleted [
109 silly reify   'C:\\Users\\patil\\OneDrive\\Desktop\\Pursuit\\Pursuit_2026\\node_modules\\@esbuild\\android-arm64'
109 silly reify ]
110 verbose reify failed optional dependency C:\Users\patil\OneDrive\Desktop\Pursuit\Pursuit_2026\node_modules\@esbuild\android-arm
111 silly reify mark deleted [
111 silly reify   'C:\\Users\\patil\\OneDrive\\Desktop\\Pursuit\\Pursuit_2026\\node_modules\\@esbuild\\android-arm'
111 silly reify ]
112 verbose reify failed optional dependency C:\Users\patil\OneDrive\Desktop\Pursuit\Pursuit_2026\node_modules\@esbuild\aix-ppc64
113 silly reify mark deleted [
113 silly reify   'C:\\Users\\patil\\OneDrive\\Desktop\\Pursuit\\Pursuit_2026\\node_modules\\@esbuild\\aix-ppc64'
113 silly reify ]
114 http cache zod-validation-error@https://registry.npmjs.org/zod-validation-error/-/zod-validation-error-4.0.2.tgz 1ms (cache hit)
115 http cache yocto-queue@https://registry.npmjs.org/yocto-queue/-/yocto-queue-0.1.0.tgz 0ms (cache hit)
116 http cache zod@https://registry.npmjs.org/zod/-/zod-4.3.5.tgz 0ms (cache hit)
117 http cache yallist@https://registry.npmjs.org/yallist/-/yallist-3.1.1.tgz 0ms (cache hit)
118 http cache word-wrap@https://registry.npmjs.org/word-wrap/-/word-wrap-1.2.5.tgz 0ms (cache hit)
119 http cache which@https://registry.npmjs.org/which/-/which-2.0.2.tgz 0ms (cache hit)
120 http cache vite@https://registry.npmjs.org/vite/-/vite-7.3.0.tgz 0ms (cache hit)
121 http cache update-browserslist-db@https://registry.npmjs.org/update-browserslist-db/-/update-browserslist-db-1.2.3.tgz 0ms (cache hit)
122 http cache uri-js@https://registry.npmjs.org/uri-js/-/uri-js-4.4.1.tgz 0ms (cache hit)
123 http cache type-check@https://registry.npmjs.org/type-check/-/type-check-0.4.0.tgz 0ms (cache hit)
124 http cache supports-color@https://registry.npmjs.org/supports-color/-/supports-color-7.2.0.tgz 0ms (cache hit)
125 http cache tinyglobby@https://registry.npmjs.org/tinyglobby/-/tinyglobby-0.2.15.tgz 0ms (cache hit)
126 http cache source-map-js@https://registry.npmjs.org/source-map-js/-/source-map-js-1.2.1.tgz 0ms (cache hit)
127 http cache shebang-regex@https://registry.npmjs.org/shebang-regex/-/shebang-regex-3.0.0.tgz 0ms (cache hit)
128 http cache strip-json-comments@https://registry.npmjs.org/strip-json-comments/-/strip-json-comments-3.1.1.tgz 0ms (cache hit)
129 http cache semver@https://registry.npmjs.org/semver/-/semver-6.3.1.tgz 0ms (cache hit)
130 http cache set-cookie-parser@https://registry.npmjs.org/set-cookie-parser/-/set-cookie-parser-2.7.2.tgz 0ms (cache hit)
131 http cache shebang-command@https://registry.npmjs.org/shebang-command/-/shebang-command-2.0.0.tgz 0ms (cache hit)
132 http cache resolve-from@https://registry.npmjs.org/resolve-from/-/resolve-from-4.0.0.tgz 0ms (cache hit)
133 http cache scheduler@https://registry.npmjs.org/scheduler/-/scheduler-0.27.0.tgz 0ms (cache hit)
134 http cache react-router-dom@https://registry.npmjs.org/react-router-dom/-/react-router-dom-7.11.0.tgz 0ms (cache hit)
135 http cache rollup@https://registry.npmjs.org/rollup/-/rollup-4.55.1.tgz 0ms (cache hit)
136 http cache react-icons@https://registry.npmjs.org/react-icons/-/react-icons-5.5.0.tgz 0ms (cache hit)
137 http cache react-router@https://registry.npmjs.org/react-router/-/react-router-7.11.0.tgz 0ms (cache hit)
138 http cache react-dom@https://registry.npmjs.org/react-dom/-/react-dom-19.2.3.tgz 0ms (cache hit)
139 http cache react-refresh@https://registry.npmjs.org/react-refresh/-/react-refresh-0.18.0.tgz 0ms (cache hit)
140 http cache react@https://registry.npmjs.org/react/-/react-19.2.3.tgz 0ms (cache hit)
141 http cache punycode@https://registry.npmjs.org/punycode/-/punycode-2.3.1.tgz 0ms (cache hit)
142 http cache prelude-ls@https://registry.npmjs.org/prelude-ls/-/prelude-ls-1.2.1.tgz 0ms (cache hit)
143 http cache picomatch@https://registry.npmjs.org/picomatch/-/picomatch-4.0.3.tgz 0ms (cache hit)
144 http cache path-exists@https://registry.npmjs.org/path-exists/-/path-exists-4.0.0.tgz 0ms (cache hit)
145 http cache picocolors@https://registry.npmjs.org/picocolors/-/picocolors-1.1.1.tgz 0ms (cache hit)
146 http cache path-key@https://registry.npmjs.org/path-key/-/path-key-3.1.1.tgz 0ms (cache hit)
147 http cache parent-module@https://registry.npmjs.org/parent-module/-/parent-module-1.0.1.tgz 0ms (cache hit)
148 http cache p-locate@https://registry.npmjs.org/p-locate/-/p-locate-5.0.0.tgz 0ms (cache hit)
149 http cache p-limit@https://registry.npmjs.org/p-limit/-/p-limit-3.1.0.tgz 0ms (cache hit)
150 http cache natural-compare@https://registry.npmjs.org/natural-compare/-/natural-compare-1.4.0.tgz 0ms (cache hit)
151 http cache postcss@https://registry.npmjs.org/postcss/-/postcss-8.5.6.tgz 0ms (cache hit)
152 http cache node-releases@https://registry.npmjs.org/node-releases/-/node-releases-2.0.27.tgz 0ms (cache hit)
153 http cache optionator@https://registry.npmjs.org/optionator/-/optionator-0.9.4.tgz 0ms (cache hit)
154 http cache minimatch@https://registry.npmjs.org/minimatch/-/minimatch-3.1.2.tgz 0ms (cache hit)
155 http cache ms@https://registry.npmjs.org/ms/-/ms-2.1.3.tgz 0ms (cache hit)
156 http cache lru-cache@https://registry.npmjs.org/lru-cache/-/lru-cache-5.1.1.tgz 0ms (cache hit)
157 http cache lodash.merge@https://registry.npmjs.org/lodash.merge/-/lodash.merge-4.6.2.tgz 0ms (cache hit)
158 http cache levn@https://registry.npmjs.org/levn/-/levn-0.4.1.tgz 0ms (cache hit)
159 http cache json5@https://registry.npmjs.org/json5/-/json5-2.2.3.tgz 0ms (cache hit)
160 http cache locate-path@https://registry.npmjs.org/locate-path/-/locate-path-6.0.0.tgz 0ms (cache hit)
161 http cache nanoid@https://registry.npmjs.org/nanoid/-/nanoid-3.3.11.tgz 0ms (cache hit)
162 http cache keyv@https://registry.npmjs.org/keyv/-/keyv-4.5.4.tgz 0ms (cache hit)
163 http cache json-buffer@https://registry.npmjs.org/json-buffer/-/json-buffer-3.0.1.tgz 0ms (cache hit)
164 http cache json-schema-traverse@https://registry.npmjs.org/json-schema-traverse/-/json-schema-traverse-0.4.1.tgz 0ms (cache hit)
165 http cache jsesc@https://registry.npmjs.org/jsesc/-/jsesc-3.1.0.tgz 0ms (cache hit)
166 http cache js-yaml@https://registry.npmjs.org/js-yaml/-/js-yaml-4.1.1.tgz 0ms (cache hit)
167 http cache is-glob@https://registry.npmjs.org/is-glob/-/is-glob-4.0.3.tgz 0ms (cache hit)
168 http cache js-tokens@https://registry.npmjs.org/js-tokens/-/js-tokens-4.0.0.tgz 0ms (cache hit)
169 http cache isexe@https://registry.npmjs.org/isexe/-/isexe-2.0.0.tgz 0ms (cache hit)
170 http cache is-extglob@https://registry.npmjs.org/is-extglob/-/is-extglob-2.1.1.tgz 0ms (cache hit)
171 http cache imurmurhash@https://registry.npmjs.org/imurmurhash/-/imurmurhash-0.1.4.tgz 0ms (cache hit)
172 http cache ignore@https://registry.npmjs.org/ignore/-/ignore-5.3.2.tgz 0ms (cache hit)
173 http cache import-fresh@https://registry.npmjs.org/import-fresh/-/import-fresh-3.3.1.tgz 0ms (cache hit)
174 http cache has-flag@https://registry.npmjs.org/has-flag/-/has-flag-4.0.0.tgz 0ms (cache hit)
175 http cache hermes-estree@https://registry.npmjs.org/hermes-estree/-/hermes-estree-0.25.1.tgz 0ms (cache hit)
176 http cache json-stable-stringify-without-jsonify@https://registry.npmjs.org/json-stable-stringify-without-jsonify/-/json-stable-stringify-without-jsonify-1.0.1.tgz 0ms (cache hit)
177 http cache hermes-parser@https://registry.npmjs.org/hermes-parser/-/hermes-parser-0.25.1.tgz 0ms (cache hit)
178 http cache flatted@https://registry.npmjs.org/flatted/-/flatted-3.3.3.tgz 0ms (cache hit)
179 http cache file-entry-cache@https://registry.npmjs.org/file-entry-cache/-/file-entry-cache-8.0.0.tgz 0ms (cache hit)
180 http cache glob-parent@https://registry.npmjs.org/glob-parent/-/glob-parent-6.0.2.tgz 0ms (cache hit)
181 http cache gensync@https://registry.npmjs.org/gensync/-/gensync-1.0.0-beta.2.tgz 0ms (cache hit)
182 http cache globals@https://registry.npmjs.org/globals/-/globals-16.5.0.tgz 1ms (cache hit)
183 http cache fdir@https://registry.npmjs.org/fdir/-/fdir-6.5.0.tgz 0ms (cache hit)
184 http cache find-up@https://registry.npmjs.org/find-up/-/find-up-5.0.0.tgz 0ms (cache hit)
185 http cache fast-levenshtein@https://registry.npmjs.org/fast-levenshtein/-/fast-levenshtein-2.0.6.tgz 0ms (cache hit)
186 http cache fast-json-stable-stringify@https://registry.npmjs.org/fast-json-stable-stringify/-/fast-json-stable-stringify-2.1.0.tgz 0ms (cache hit)
187 http cache flat-cache@https://registry.npmjs.org/flat-cache/-/flat-cache-4.0.1.tgz 0ms (cache hit)
188 http cache esutils@https://registry.npmjs.org/esutils/-/esutils-2.0.3.tgz 0ms (cache hit)
189 http cache fast-deep-equal@https://registry.npmjs.org/fast-deep-equal/-/fast-deep-equal-3.1.3.tgz 0ms (cache hit)
190 http cache espree@https://registry.npmjs.org/espree/-/espree-10.4.0.tgz 0ms (cache hit)
191 http cache estraverse@https://registry.npmjs.org/estraverse/-/estraverse-5.3.0.tgz 0ms (cache hit)
192 http cache esquery@https://registry.npmjs.org/esquery/-/esquery-1.7.0.tgz 0ms (cache hit)
193 http cache esrecurse@https://registry.npmjs.org/esrecurse/-/esrecurse-4.3.0.tgz 0ms (cache hit)
194 http cache eslint-scope@https://registry.npmjs.org/eslint-scope/-/eslint-scope-8.4.0.tgz 0ms (cache hit)
195 http cache eslint-plugin-react-hooks@https://registry.npmjs.org/eslint-plugin-react-hooks/-/eslint-plugin-react-hooks-7.0.1.tgz 0ms (cache hit)
196 http cache eslint-visitor-keys@https://registry.npmjs.org/eslint-visitor-keys/-/eslint-visitor-keys-4.2.1.tgz 0ms (cache hit)
197 http cache escape-string-regexp@https://registry.npmjs.org/escape-string-regexp/-/escape-string-regexp-4.0.0.tgz 0ms (cache hit)
198 http cache deep-is@https://registry.npmjs.org/deep-is/-/deep-is-0.1.4.tgz 0ms (cache hit)
199 http cache eslint-plugin-react-refresh@https://registry.npmjs.org/eslint-plugin-react-refresh/-/eslint-plugin-react-refresh-0.4.26.tgz 0ms (cache hit)
200 http cache escalade@https://registry.npmjs.org/escalade/-/escalade-3.2.0.tgz 1ms (cache hit)
201 http cache esbuild@https://registry.npmjs.org/esbuild/-/esbuild-0.27.2.tgz 0ms (cache hit)
202 http cache eslint@https://registry.npmjs.org/eslint/-/eslint-9.39.2.tgz 0ms (cache hit)
203 http cache debug@https://registry.npmjs.org/debug/-/debug-4.4.3.tgz 0ms (cache hit)
204 http cache electron-to-chromium@https://registry.npmjs.org/electron-to-chromium/-/electron-to-chromium-1.5.267.tgz 0ms (cache hit)
205 http cache csstype@https://registry.npmjs.org/csstype/-/csstype-3.2.3.tgz 0ms (cache hit)
206 http cache convert-source-map@https://registry.npmjs.org/convert-source-map/-/convert-source-map-2.0.0.tgz 0ms (cache hit)
207 http cache cookie@https://registry.npmjs.org/cookie/-/cookie-1.1.1.tgz 0ms (cache hit)
208 http cache concat-map@https://registry.npmjs.org/concat-map/-/concat-map-0.0.1.tgz 0ms (cache hit)
209 http cache color-convert@https://registry.npmjs.org/color-convert/-/color-convert-2.0.1.tgz 0ms (cache hit)
210 http cache color-name@https://registry.npmjs.org/color-name/-/color-name-1.1.4.tgz 0ms (cache hit)
211 http cache chalk@https://registry.npmjs.org/chalk/-/chalk-4.1.2.tgz 0ms (cache hit)
212 http cache cross-spawn@https://registry.npmjs.org/cross-spawn/-/cross-spawn-7.0.6.tgz 0ms (cache hit)
213 http cache brace-expansion@https://registry.npmjs.org/brace-expansion/-/brace-expansion-1.1.12.tgz 0ms (cache hit)
214 http cache caniuse-lite@https://registry.npmjs.org/caniuse-lite/-/caniuse-lite-1.0.30001762.tgz 0ms (cache hit)
215 http cache baseline-browser-mapping@https://registry.npmjs.org/baseline-browser-mapping/-/baseline-browser-mapping-2.9.11.tgz 0ms (cache hit)
216 http cache browserslist@https://registry.npmjs.org/browserslist/-/browserslist-4.28.1.tgz 0ms (cache hit)
217 http cache callsites@https://registry.npmjs.org/callsites/-/callsites-3.1.0.tgz 0ms (cache hit)
218 http cache balanced-match@https://registry.npmjs.org/balanced-match/-/balanced-match-1.0.2.tgz 0ms (cache hit)
219 http cache argparse@https://registry.npmjs.org/argparse/-/argparse-2.0.1.tgz 0ms (cache hit)
220 http cache ajv@https://registry.npmjs.org/ajv/-/ajv-6.12.6.tgz 0ms (cache hit)
221 http cache @types/react-dom@https://registry.npmjs.org/@types/react-dom/-/react-dom-19.2.3.tgz 0ms (cache hit)
222 http cache ansi-styles@https://registry.npmjs.org/ansi-styles/-/ansi-styles-4.3.0.tgz 0ms (cache hit)
223 http cache @vitejs/plugin-react@https://registry.npmjs.org/@vitejs/plugin-react/-/plugin-react-5.1.2.tgz 0ms (cache hit)
224 http cache acorn-jsx@https://registry.npmjs.org/acorn-jsx/-/acorn-jsx-5.3.2.tgz 0ms (cache hit)
225 http cache @types/react@https://registry.npmjs.org/@types/react/-/react-19.2.7.tgz 0ms (cache hit)
226 http cache @types/estree@https://registry.npmjs.org/@types/estree/-/estree-1.0.8.tgz 0ms (cache hit)
227 http cache @types/json-schema@https://registry.npmjs.org/@types/json-schema/-/json-schema-7.0.15.tgz 0ms (cache hit)
228 http cache @types/babel__traverse@https://registry.npmjs.org/@types/babel__traverse/-/babel__traverse-7.28.0.tgz 0ms (cache hit)
229 http cache acorn@https://registry.npmjs.org/acorn/-/acorn-8.15.0.tgz 0ms (cache hit)
230 http cache @types/babel__generator@https://registry.npmjs.org/@types/babel__generator/-/babel__generator-7.27.0.tgz 0ms (cache hit)
231 http cache @types/babel__template@https://registry.npmjs.org/@types/babel__template/-/babel__template-7.4.4.tgz 0ms (cache hit)
232 http cache @types/babel__core@https://registry.npmjs.org/@types/babel__core/-/babel__core-7.20.5.tgz 0ms (cache hit)
233 http cache @rollup/rollup-win32-x64-msvc@https://registry.npmjs.org/@rollup/rollup-win32-x64-msvc/-/rollup-win32-x64-msvc-4.55.1.tgz 0ms (cache hit)
234 http cache @jridgewell/trace-mapping@https://registry.npmjs.org/@jridgewell/trace-mapping/-/trace-mapping-0.3.31.tgz 0ms (cache hit)
235 http cache @jridgewell/sourcemap-codec@https://registry.npmjs.org/@jridgewell/sourcemap-codec/-/sourcemap-codec-1.5.5.tgz 0ms (cache hit)
236 http cache @jridgewell/resolve-uri@https://registry.npmjs.org/@jridgewell/resolve-uri/-/resolve-uri-3.1.2.tgz 0ms (cache hit)
237 http cache @humanwhocodes/retry@https://registry.npmjs.org/@humanwhocodes/retry/-/retry-0.4.3.tgz 0ms (cache hit)
238 http cache @rollup/rollup-win32-x64-gnu@https://registry.npmjs.org/@rollup/rollup-win32-x64-gnu/-/rollup-win32-x64-gnu-4.55.1.tgz 0ms (cache hit)
239 http cache @humanwhocodes/module-importer@https://registry.npmjs.org/@humanwhocodes/module-importer/-/module-importer-1.0.1.tgz 0ms (cache hit)
240 http cache @rolldown/pluginutils@https://registry.npmjs.org/@rolldown/pluginutils/-/pluginutils-1.0.0-beta.53.tgz 0ms (cache hit)
241 http cache @jridgewell/remapping@https://registry.npmjs.org/@jridgewell/remapping/-/remapping-2.3.5.tgz 0ms (cache hit)
242 http cache @eslint/plugin-kit@https://registry.npmjs.org/@eslint/plugin-kit/-/plugin-kit-0.4.1.tgz 0ms (cache hit)
243 http cache @eslint/object-schema@https://registry.npmjs.org/@eslint/object-schema/-/object-schema-2.1.7.tgz 0ms (cache hit)
244 http cache @jridgewell/gen-mapping@https://registry.npmjs.org/@jridgewell/gen-mapping/-/gen-mapping-0.3.13.tgz 0ms (cache hit)
245 http cache @humanfs/core@https://registry.npmjs.org/@humanfs/core/-/core-0.19.1.tgz 0ms (cache hit)
246 http cache @eslint/js@https://registry.npmjs.org/@eslint/js/-/js-9.39.2.tgz 0ms (cache hit)
247 http cache @eslint/eslintrc@https://registry.npmjs.org/@eslint/eslintrc/-/eslintrc-3.3.3.tgz 0ms (cache hit)
248 http cache @eslint/core@https://registry.npmjs.org/@eslint/core/-/core-0.17.0.tgz 0ms (cache hit)
249 http cache @eslint/config-helpers@https://registry.npmjs.org/@eslint/config-helpers/-/config-helpers-0.4.2.tgz 0ms (cache hit)
250 http cache @eslint/config-array@https://registry.npmjs.org/@eslint/config-array/-/config-array-0.21.1.tgz 0ms (cache hit)
251 http cache @babel/types@https://registry.npmjs.org/@babel/types/-/types-7.28.5.tgz 0ms (cache hit)
252 http cache @esbuild/win32-x64@https://registry.npmjs.org/@esbuild/win32-x64/-/win32-x64-0.27.2.tgz 0ms (cache hit)
253 http cache @babel/template@https://registry.npmjs.org/@babel/template/-/template-7.27.2.tgz 0ms (cache hit)
254 http cache @babel/plugin-transform-react-jsx-source@https://registry.npmjs.org/@babel/plugin-transform-react-jsx-source/-/plugin-transform-react-jsx-source-7.27.1.tgz 0ms (cache hit)
255 http cache @humanfs/node@https://registry.npmjs.org/@humanfs/node/-/node-0.16.7.tgz 0ms (cache hit)
256 http cache @eslint-community/regexpp@https://registry.npmjs.org/@eslint-community/regexpp/-/regexpp-4.12.2.tgz 0ms (cache hit)
257 http cache @babel/parser@https://registry.npmjs.org/@babel/parser/-/parser-7.28.5.tgz 0ms (cache hit)
258 http cache @babel/helper-validator-option@https://registry.npmjs.org/@babel/helper-validator-option/-/helper-validator-option-7.27.1.tgz 0ms (cache hit)
259 http cache @babel/traverse@https://registry.npmjs.org/@babel/traverse/-/traverse-7.28.5.tgz 0ms (cache hit)
260 http cache @eslint-community/eslint-utils@https://registry.npmjs.org/@eslint-community/eslint-utils/-/eslint-utils-4.9.1.tgz 0ms (cache hit)
261 http cache @babel/helpers@https://registry.npmjs.org/@babel/helpers/-/helpers-7.28.4.tgz 0ms (cache hit)
262 http cache @babel/helper-plugin-utils@https://registry.npmjs.org/@babel/helper-plugin-utils/-/helper-plugin-utils-7.27.1.tgz 0ms (cache hit)
263 http cache @babel/helper-string-parser@https://registry.npmjs.org/@babel/helper-string-parser/-/helper-string-parser-7.27.1.tgz 0ms (cache hit)
264 http cache @babel/helper-validator-identifier@https://registry.npmjs.org/@babel/helper-validator-identifier/-/helper-validator-identifier-7.28.5.tgz 0ms (cache hit)
265 http cache @babel/plugin-transform-react-jsx-self@https://registry.npmjs.org/@babel/plugin-transform-react-jsx-self/-/plugin-transform-react-jsx-self-7.27.1.tgz 0ms (cache hit)
266 http cache @babel/helper-module-transforms@https://registry.npmjs.org/@babel/helper-module-transforms/-/helper-module-transforms-7.28.3.tgz 0ms (cache hit)
267 http cache @babel/helper-module-imports@https://registry.npmjs.org/@babel/helper-module-imports/-/helper-module-imports-7.27.1.tgz 0ms (cache hit)
268 http cache @babel/generator@https://registry.npmjs.org/@babel/generator/-/generator-7.28.5.tgz 0ms (cache hit)
269 http cache @babel/helper-globals@https://registry.npmjs.org/@babel/helper-globals/-/helper-globals-7.28.0.tgz 0ms (cache hit)
270 http cache @babel/helper-compilation-targets@https://registry.npmjs.org/@babel/helper-compilation-targets/-/helper-compilation-targets-7.27.2.tgz 0ms (cache hit)
271 http cache @babel/compat-data@https://registry.npmjs.org/@babel/compat-data/-/compat-data-7.28.5.tgz 0ms (cache hit)
272 http cache @babel/core@https://registry.npmjs.org/@babel/core/-/core-7.28.5.tgz 0ms (cache hit)
273 http cache globals@https://registry.npmjs.org/globals/-/globals-14.0.0.tgz 0ms (cache hit)
274 http cache @babel/code-frame@https://registry.npmjs.org/@babel/code-frame/-/code-frame-7.27.1.tgz 0ms (cache hit)
275 silly tarball no local data for zod-validation-error@https://registry.npmjs.org/zod-validation-error/-/zod-validation-error-4.0.2.tgz. Extracting by manifest.
276 http cache eslint-visitor-keys@https://registry.npmjs.org/eslint-visitor-keys/-/eslint-visitor-keys-3.4.3.tgz 0ms (cache hit)
277 silly tarball no local data for yocto-queue@https://registry.npmjs.org/yocto-queue/-/yocto-queue-0.1.0.tgz. Extracting by manifest.
278 silly tarball no local data for zod@https://registry.npmjs.org/zod/-/zod-4.3.5.tgz. Extracting by manifest.
279 silly tarball no local data for yallist@https://registry.npmjs.org/yallist/-/yallist-3.1.1.tgz. Extracting by manifest.
280 silly tarball no local data for word-wrap@https://registry.npmjs.org/word-wrap/-/word-wrap-1.2.5.tgz. Extracting by manifest.
281 silly tarball no local data for which@https://registry.npmjs.org/which/-/which-2.0.2.tgz. Extracting by manifest.
282 silly tarball no local data for vite@https://registry.npmjs.org/vite/-/vite-7.3.0.tgz. Extracting by manifest.
283 silly tarball no local data for update-browserslist-db@https://registry.npmjs.org/update-browserslist-db/-/update-browserslist-db-1.2.3.tgz. Extracting by manifest.
284 silly tarball no local data for uri-js@https://registry.npmjs.org/uri-js/-/uri-js-4.4.1.tgz. Extracting by manifest.
285 silly tarball no local data for type-check@https://registry.npmjs.org/type-check/-/type-check-0.4.0.tgz. Extracting by manifest.
286 silly tarball no local data for supports-color@https://registry.npmjs.org/supports-color/-/supports-color-7.2.0.tgz. Extracting by manifest.
287 silly tarball no local data for tinyglobby@https://registry.npmjs.org/tinyglobby/-/tinyglobby-0.2.15.tgz. Extracting by manifest.
288 silly tarball no local data for source-map-js@https://registry.npmjs.org/source-map-js/-/source-map-js-1.2.1.tgz. Extracting by manifest.
289 silly tarball no local data for shebang-regex@https://registry.npmjs.org/shebang-regex/-/shebang-regex-3.0.0.tgz. Extracting by manifest.
290 silly tarball no local data for strip-json-comments@https://registry.npmjs.org/strip-json-comments/-/strip-json-comments-3.1.1.tgz. Extracting by manifest.
291 silly tarball no local data for semver@https://registry.npmjs.org/semver/-/semver-6.3.1.tgz. Extracting by manifest.
292 silly tarball no local data for set-cookie-parser@https://registry.npmjs.org/set-cookie-parser/-/set-cookie-parser-2.7.2.tgz. Extracting by manifest.
293 silly tarball no local data for shebang-command@https://registry.npmjs.org/shebang-command/-/shebang-command-2.0.0.tgz. Extracting by manifest.
294 silly tarball no local data for resolve-from@https://registry.npmjs.org/resolve-from/-/resolve-from-4.0.0.tgz. Extracting by manifest.
295 silly tarball no local data for scheduler@https://registry.npmjs.org/scheduler/-/scheduler-0.27.0.tgz. Extracting by manifest.
296 silly tarball no local data for react-router-dom@https://registry.npmjs.org/react-router-dom/-/react-router-dom-7.11.0.tgz. Extracting by manifest.
297 silly tarball no local data for rollup@https://registry.npmjs.org/rollup/-/rollup-4.55.1.tgz. Extracting by manifest.
298 silly tarball no local data for react-icons@https://registry.npmjs.org/react-icons/-/react-icons-5.5.0.tgz. Extracting by manifest.
299 silly tarball no local data for react-router@https://registry.npmjs.org/react-router/-/react-router-7.11.0.tgz. Extracting by manifest.
300 silly tarball no local data for react-dom@https://registry.npmjs.org/react-dom/-/react-dom-19.2.3.tgz. Extracting by manifest.
301 silly tarball no local data for react-refresh@https://registry.npmjs.org/react-refresh/-/react-refresh-0.18.0.tgz. Extracting by manifest.
302 silly tarball no local data for react@https://registry.npmjs.org/react/-/react-19.2.3.tgz. Extracting by manifest.
303 silly tarball no local data for punycode@https://registry.npmjs.org/punycode/-/punycode-2.3.1.tgz. Extracting by manifest.
304 silly tarball no local data for prelude-ls@https://registry.npmjs.org/prelude-ls/-/prelude-ls-1.2.1.tgz. Extracting by manifest.
305 silly tarball no local data for picomatch@https://registry.npmjs.org/picomatch/-/picomatch-4.0.3.tgz. Extracting by manifest.
306 silly tarball no local data for path-exists@https://registry.npmjs.org/path-exists/-/path-exists-4.0.0.tgz. Extracting by manifest.
307 silly tarball no local data for picocolors@https://registry.npmjs.org/picocolors/-/picocolors-1.1.1.tgz. Extracting by manifest.
308 silly tarball no local data for path-key@https://registry.npmjs.org/path-key/-/path-key-3.1.1.tgz. Extracting by manifest.
309 silly tarball no local data for parent-module@https://registry.npmjs.org/parent-module/-/parent-module-1.0.1.tgz. Extracting by manifest.
310 silly tarball no local data for p-locate@https://registry.npmjs.org/p-locate/-/p-locate-5.0.0.tgz. Extracting by manifest.
311 silly tarball no local data for p-limit@https://registry.npmjs.org/p-limit/-/p-limit-3.1.0.tgz. Extracting by manifest.
312 silly tarball no local data for natural-compare@https://registry.npmjs.org/natural-compare/-/natural-compare-1.4.0.tgz. Extracting by manifest.
313 silly tarball no local data for postcss@https://registry.npmjs.org/postcss/-/postcss-8.5.6.tgz. Extracting by manifest.
314 silly tarball no local data for node-releases@https://registry.npmjs.org/node-releases/-/node-releases-2.0.27.tgz. Extracting by manifest.
315 silly tarball no local data for optionator@https://registry.npmjs.org/optionator/-/optionator-0.9.4.tgz. Extracting by manifest.
316 silly tarball no local data for minimatch@https://registry.npmjs.org/minimatch/-/minimatch-3.1.2.tgz. Extracting by manifest.
317 silly tarball no local data for ms@https://registry.npmjs.org/ms/-/ms-2.1.3.tgz. Extracting by manifest.
318 silly tarball no local data for lru-cache@https://registry.npmjs.org/lru-cache/-/lru-cache-5.1.1.tgz. Extracting by manifest.
319 silly tarball no local data for lodash.merge@https://registry.npmjs.org/lodash.merge/-/lodash.merge-4.6.2.tgz. Extracting by manifest.
320 silly tarball no local data for levn@https://registry.npmjs.org/levn/-/levn-0.4.1.tgz. Extracting by manifest.
321 silly tarball no local data for json5@https://registry.npmjs.org/json5/-/json5-2.2.3.tgz. Extracting by manifest.
322 silly tarball no local data for locate-path@https://registry.npmjs.org/locate-path/-/locate-path-6.0.0.tgz. Extracting by manifest.
323 silly tarball no local data for nanoid@https://registry.npmjs.org/nanoid/-/nanoid-3.3.11.tgz. Extracting by manifest.
324 silly tarball no local data for keyv@https://registry.npmjs.org/keyv/-/keyv-4.5.4.tgz. Extracting by manifest.
325 silly tarball no local data for json-buffer@https://registry.npmjs.org/json-buffer/-/json-buffer-3.0.1.tgz. Extracting by manifest.
326 silly tarball no local data for json-schema-traverse@https://registry.npmjs.org/json-schema-traverse/-/json-schema-traverse-0.4.1.tgz. Extracting by manifest.
327 silly tarball no local data for jsesc@https://registry.npmjs.org/jsesc/-/jsesc-3.1.0.tgz. Extracting by manifest.
328 silly tarball no local data for js-yaml@https://registry.npmjs.org/js-yaml/-/js-yaml-4.1.1.tgz. Extracting by manifest.
329 silly tarball no local data for is-glob@https://registry.npmjs.org/is-glob/-/is-glob-4.0.3.tgz. Extracting by manifest.
330 silly tarball no local data for js-tokens@https://registry.npmjs.org/js-tokens/-/js-tokens-4.0.0.tgz. Extracting by manifest.
331 silly tarball no local data for isexe@https://registry.npmjs.org/isexe/-/isexe-2.0.0.tgz. Extracting by manifest.
332 silly tarball no local data for is-extglob@https://registry.npmjs.org/is-extglob/-/is-extglob-2.1.1.tgz. Extracting by manifest.
333 silly tarball no local data for imurmurhash@https://registry.npmjs.org/imurmurhash/-/imurmurhash-0.1.4.tgz. Extracting by manifest.
334 silly tarball no local data for ignore@https://registry.npmjs.org/ignore/-/ignore-5.3.2.tgz. Extracting by manifest.
335 silly tarball no local data for import-fresh@https://registry.npmjs.org/import-fresh/-/import-fresh-3.3.1.tgz. Extracting by manifest.
336 silly tarball no local data for has-flag@https://registry.npmjs.org/has-flag/-/has-flag-4.0.0.tgz. Extracting by manifest.
337 silly tarball no local data for hermes-estree@https://registry.npmjs.org/hermes-estree/-/hermes-estree-0.25.1.tgz. Extracting by manifest.
338 silly tarball no local data for json-stable-stringify-without-jsonify@https://registry.npmjs.org/json-stable-stringify-without-jsonify/-/json-stable-stringify-without-jsonify-1.0.1.tgz. Extracting by manifest.
339 silly tarball no local data for hermes-parser@https://registry.npmjs.org/hermes-parser/-/hermes-parser-0.25.1.tgz. Extracting by manifest.
340 silly tarball no local data for flatted@https://registry.npmjs.org/flatted/-/flatted-3.3.3.tgz. Extracting by manifest.
341 silly tarball no local data for file-entry-cache@https://registry.npmjs.org/file-entry-cache/-/file-entry-cache-8.0.0.tgz. Extracting by manifest.
342 silly tarball no local data for glob-parent@https://registry.npmjs.org/glob-parent/-/glob-parent-6.0.2.tgz. Extracting by manifest.
343 silly tarball no local data for gensync@https://registry.npmjs.org/gensync/-/gensync-1.0.0-beta.2.tgz. Extracting by manifest.
344 silly tarball no local data for globals@https://registry.npmjs.org/globals/-/globals-16.5.0.tgz. Extracting by manifest.
345 silly tarball no local data for fdir@https://registry.npmjs.org/fdir/-/fdir-6.5.0.tgz. Extracting by manifest.
346 silly tarball no local data for find-up@https://registry.npmjs.org/find-up/-/find-up-5.0.0.tgz. Extracting by manifest.
347 silly tarball no local data for fast-levenshtein@https://registry.npmjs.org/fast-levenshtein/-/fast-levenshtein-2.0.6.tgz. Extracting by manifest.
348 silly tarball no local data for fast-json-stable-stringify@https://registry.npmjs.org/fast-json-stable-stringify/-/fast-json-stable-stringify-2.1.0.tgz. Extracting by manifest.
349 silly tarball no local data for flat-cache@https://registry.npmjs.org/flat-cache/-/flat-cache-4.0.1.tgz. Extracting by manifest.
350 silly tarball no local data for esutils@https://registry.npmjs.org/esutils/-/esutils-2.0.3.tgz. Extracting by manifest.
351 silly tarball no local data for fast-deep-equal@https://registry.npmjs.org/fast-deep-equal/-/fast-deep-equal-3.1.3.tgz. Extracting by manifest.
352 silly tarball no local data for espree@https://registry.npmjs.org/espree/-/espree-10.4.0.tgz. Extracting by manifest.
353 silly tarball no local data for estraverse@https://registry.npmjs.org/estraverse/-/estraverse-5.3.0.tgz. Extracting by manifest.
354 silly tarball no local data for esquery@https://registry.npmjs.org/esquery/-/esquery-1.7.0.tgz. Extracting by manifest.
355 silly tarball no local data for esrecurse@https://registry.npmjs.org/esrecurse/-/esrecurse-4.3.0.tgz. Extracting by manifest.
356 silly tarball no local data for eslint-scope@https://registry.npmjs.org/eslint-scope/-/eslint-scope-8.4.0.tgz. Extracting by manifest.
357 silly tarball no local data for eslint-plugin-react-hooks@https://registry.npmjs.org/eslint-plugin-react-hooks/-/eslint-plugin-react-hooks-7.0.1.tgz. Extracting by manifest.
358 silly tarball no local data for eslint-visitor-keys@https://registry.npmjs.org/eslint-visitor-keys/-/eslint-visitor-keys-4.2.1.tgz. Extracting by manifest.
359 silly tarball no local data for escape-string-regexp@https://registry.npmjs.org/escape-string-regexp/-/escape-string-regexp-4.0.0.tgz. Extracting by manifest.
360 silly tarball no local data for deep-is@https://registry.npmjs.org/deep-is/-/deep-is-0.1.4.tgz. Extracting by manifest.
361 silly tarball no local data for eslint-plugin-react-refresh@https://registry.npmjs.org/eslint-plugin-react-refresh/-/eslint-plugin-react-refresh-0.4.26.tgz. Extracting by manifest.
362 silly tarball no local data for escalade@https://registry.npmjs.org/escalade/-/escalade-3.2.0.tgz. Extracting by manifest.
363 silly tarball no local data for esbuild@https://registry.npmjs.org/esbuild/-/esbuild-0.27.2.tgz. Extracting by manifest.
364 silly tarball no local data for eslint@https://registry.npmjs.org/eslint/-/eslint-9.39.2.tgz. Extracting by manifest.
365 silly tarball no local data for debug@https://registry.npmjs.org/debug/-/debug-4.4.3.tgz. Extracting by manifest.
366 silly tarball no local data for electron-to-chromium@https://registry.npmjs.org/electron-to-chromium/-/electron-to-chromium-1.5.267.tgz. Extracting by manifest.
367 silly tarball no local data for csstype@https://registry.npmjs.org/csstype/-/csstype-3.2.3.tgz. Extracting by manifest.
368 silly tarball no local data for convert-source-map@https://registry.npmjs.org/convert-source-map/-/convert-source-map-2.0.0.tgz. Extracting by manifest.
369 silly tarball no local data for cookie@https://registry.npmjs.org/cookie/-/cookie-1.1.1.tgz. Extracting by manifest.
370 silly tarball no local data for concat-map@https://registry.npmjs.org/concat-map/-/concat-map-0.0.1.tgz. Extracting by manifest.
371 silly tarball no local data for color-convert@https://registry.npmjs.org/color-convert/-/color-convert-2.0.1.tgz. Extracting by manifest.
372 silly tarball no local data for color-name@https://registry.npmjs.org/color-name/-/color-name-1.1.4.tgz. Extracting by manifest.
373 silly tarball no local data for chalk@https://registry.npmjs.org/chalk/-/chalk-4.1.2.tgz. Extracting by manifest.
374 silly tarball no local data for cross-spawn@https://registry.npmjs.org/cross-spawn/-/cross-spawn-7.0.6.tgz. Extracting by manifest.
375 silly tarball no local data for brace-expansion@https://registry.npmjs.org/brace-expansion/-/brace-expansion-1.1.12.tgz. Extracting by manifest.
376 silly tarball no local data for caniuse-lite@https://registry.npmjs.org/caniuse-lite/-/caniuse-lite-1.0.30001762.tgz. Extracting by manifest.
377 silly tarball no local data for baseline-browser-mapping@https://registry.npmjs.org/baseline-browser-mapping/-/baseline-browser-mapping-2.9.11.tgz. Extracting by manifest.
378 silly tarball no local data for browserslist@https://registry.npmjs.org/browserslist/-/browserslist-4.28.1.tgz. Extracting by manifest.
379 silly tarball no local data for callsites@https://registry.npmjs.org/callsites/-/callsites-3.1.0.tgz. Extracting by manifest.
380 silly tarball no local data for balanced-match@https://registry.npmjs.org/balanced-match/-/balanced-match-1.0.2.tgz. Extracting by manifest.
381 silly tarball no local data for argparse@https://registry.npmjs.org/argparse/-/argparse-2.0.1.tgz. Extracting by manifest.
382 silly tarball no local data for ajv@https://registry.npmjs.org/ajv/-/ajv-6.12.6.tgz. Extracting by manifest.
383 silly tarball no local data for @types/react-dom@https://registry.npmjs.org/@types/react-dom/-/react-dom-19.2.3.tgz. Extracting by manifest.
384 silly tarball no local data for ansi-styles@https://registry.npmjs.org/ansi-styles/-/ansi-styles-4.3.0.tgz. Extracting by manifest.
385 silly tarball no local data for @vitejs/plugin-react@https://registry.npmjs.org/@vitejs/plugin-react/-/plugin-react-5.1.2.tgz. Extracting by manifest.
386 silly tarball no local data for acorn-jsx@https://registry.npmjs.org/acorn-jsx/-/acorn-jsx-5.3.2.tgz. Extracting by manifest.
387 silly tarball no local data for @types/react@https://registry.npmjs.org/@types/react/-/react-19.2.7.tgz. Extracting by manifest.
388 silly tarball no local data for @types/estree@https://registry.npmjs.org/@types/estree/-/estree-1.0.8.tgz. Extracting by manifest.
389 silly tarball no local data for @types/json-schema@https://registry.npmjs.org/@types/json-schema/-/json-schema-7.0.15.tgz. Extracting by manifest.
390 silly tarball no local data for @types/babel__traverse@https://registry.npmjs.org/@types/babel__traverse/-/babel__traverse-7.28.0.tgz. Extracting by manifest.
391 silly tarball no local data for acorn@https://registry.npmjs.org/acorn/-/acorn-8.15.0.tgz. Extracting by manifest.
392 silly tarball no local data for @types/babel__generator@https://registry.npmjs.org/@types/babel__generator/-/babel__generator-7.27.0.tgz. Extracting by manifest.
393 silly tarball no local data for @types/babel__template@https://registry.npmjs.org/@types/babel__template/-/babel__template-7.4.4.tgz. Extracting by manifest.
394 silly tarball no local data for @types/babel__core@https://registry.npmjs.org/@types/babel__core/-/babel__core-7.20.5.tgz. Extracting by manifest.
395 silly tarball no local data for @rollup/rollup-win32-x64-msvc@https://registry.npmjs.org/@rollup/rollup-win32-x64-msvc/-/rollup-win32-x64-msvc-4.55.1.tgz. Extracting by manifest.
396 silly tarball no local data for @jridgewell/trace-mapping@https://registry.npmjs.org/@jridgewell/trace-mapping/-/trace-mapping-0.3.31.tgz. Extracting by manifest.
397 silly tarball no local data for @jridgewell/sourcemap-codec@https://registry.npmjs.org/@jridgewell/sourcemap-codec/-/sourcemap-codec-1.5.5.tgz. Extracting by manifest.
398 silly tarball no local data for @jridgewell/resolve-uri@https://registry.npmjs.org/@jridgewell/resolve-uri/-/resolve-uri-3.1.2.tgz. Extracting by manifest.
399 silly tarball no local data for @humanwhocodes/retry@https://registry.npmjs.org/@humanwhocodes/retry/-/retry-0.4.3.tgz. Extracting by manifest.
400 silly tarball no local data for @rollup/rollup-win32-x64-gnu@https://registry.npmjs.org/@rollup/rollup-win32-x64-gnu/-/rollup-win32-x64-gnu-4.55.1.tgz. Extracting by manifest.
401 silly tarball no local data for @humanwhocodes/module-importer@https://registry.npmjs.org/@humanwhocodes/module-importer/-/module-importer-1.0.1.tgz. Extracting by manifest.
402 silly tarball no local data for @rolldown/pluginutils@https://registry.npmjs.org/@rolldown/pluginutils/-/pluginutils-1.0.0-beta.53.tgz. Extracting by manifest.
403 silly tarball no local data for @jridgewell/remapping@https://registry.npmjs.org/@jridgewell/remapping/-/remapping-2.3.5.tgz. Extracting by manifest.
404 silly tarball no local data for @eslint/plugin-kit@https://registry.npmjs.org/@eslint/plugin-kit/-/plugin-kit-0.4.1.tgz. Extracting by manifest.
405 silly tarball no local data for @eslint/object-schema@https://registry.npmjs.org/@eslint/object-schema/-/object-schema-2.1.7.tgz. Extracting by manifest.
406 silly tarball no local data for @jridgewell/gen-mapping@https://registry.npmjs.org/@jridgewell/gen-mapping/-/gen-mapping-0.3.13.tgz. Extracting by manifest.
407 silly tarball no local data for @humanfs/core@https://registry.npmjs.org/@humanfs/core/-/core-0.19.1.tgz. Extracting by manifest.
408 silly tarball no local data for @eslint/js@https://registry.npmjs.org/@eslint/js/-/js-9.39.2.tgz. Extracting by manifest.
409 silly tarball no local data for @eslint/eslintrc@https://registry.npmjs.org/@eslint/eslintrc/-/eslintrc-3.3.3.tgz. Extracting by manifest.
410 silly tarball no local data for @eslint/core@https://registry.npmjs.org/@eslint/core/-/core-0.17.0.tgz. Extracting by manifest.
411 silly tarball no local data for @eslint/config-helpers@https://registry.npmjs.org/@eslint/config-helpers/-/config-helpers-0.4.2.tgz. Extracting by manifest.
412 silly tarball no local data for @eslint/config-array@https://registry.npmjs.org/@eslint/config-array/-/config-array-0.21.1.tgz. Extracting by manifest.
413 silly tarball no local data for @babel/types@https://registry.npmjs.org/@babel/types/-/types-7.28.5.tgz. Extracting by manifest.
414 silly tarball no local data for @esbuild/win32-x64@https://registry.npmjs.org/@esbuild/win32-x64/-/win32-x64-0.27.2.tgz. Extracting by manifest.
415 silly tarball no local data for @babel/template@https://registry.npmjs.org/@babel/template/-/template-7.27.2.tgz. Extracting by manifest.
416 silly tarball no local data for @babel/plugin-transform-react-jsx-source@https://registry.npmjs.org/@babel/plugin-transform-react-jsx-source/-/plugin-transform-react-jsx-source-7.27.1.tgz. Extracting by manifest.
417 silly tarball no local data for @humanfs/node@https://registry.npmjs.org/@humanfs/node/-/node-0.16.7.tgz. Extracting by manifest.
418 silly tarball no local data for @eslint-community/regexpp@https://registry.npmjs.org/@eslint-community/regexpp/-/regexpp-4.12.2.tgz. Extracting by manifest.
419 silly tarball no local data for @babel/parser@https://registry.npmjs.org/@babel/parser/-/parser-7.28.5.tgz. Extracting by manifest.
420 silly tarball no local data for @babel/helper-validator-option@https://registry.npmjs.org/@babel/helper-validator-option/-/helper-validator-option-7.27.1.tgz. Extracting by manifest.
421 silly tarball no local data for @babel/traverse@https://registry.npmjs.org/@babel/traverse/-/traverse-7.28.5.tgz. Extracting by manifest.
422 silly tarball no local data for @eslint-community/eslint-utils@https://registry.npmjs.org/@eslint-community/eslint-utils/-/eslint-utils-4.9.1.tgz. Extracting by manifest.
423 silly tarball no local data for @babel/helpers@https://registry.npmjs.org/@babel/helpers/-/helpers-7.28.4.tgz. Extracting by manifest.
424 silly tarball no local data for @babel/helper-plugin-utils@https://registry.npmjs.org/@babel/helper-plugin-utils/-/helper-plugin-utils-7.27.1.tgz. Extracting by manifest.
425 silly tarball no local data for @babel/helper-string-parser@https://registry.npmjs.org/@babel/helper-string-parser/-/helper-string-parser-7.27.1.tgz. Extracting by manifest.
426 silly tarball no local data for @babel/helper-validator-identifier@https://registry.npmjs.org/@babel/helper-validator-identifier/-/helper-validator-identifier-7.28.5.tgz. Extracting by manifest.
427 silly tarball no local data for @babel/plugin-transform-react-jsx-self@https://registry.npmjs.org/@babel/plugin-transform-react-jsx-self/-/plugin-transform-react-jsx-self-7.27.1.tgz. Extracting by manifest.
428 silly tarball no local data for @babel/helper-module-transforms@https://registry.npmjs.org/@babel/helper-module-transforms/-/helper-module-transforms-7.28.3.tgz. Extracting by manifest.
429 silly tarball no local data for @babel/helper-module-imports@https://registry.npmjs.org/@babel/helper-module-imports/-/helper-module-imports-7.27.1.tgz. Extracting by manifest.
430 silly tarball no local data for @babel/generator@https://registry.npmjs.org/@babel/generator/-/generator-7.28.5.tgz. Extracting by manifest.
431 silly tarball no local data for @babel/helper-globals@https://registry.npmjs.org/@babel/helper-globals/-/helper-globals-7.28.0.tgz. Extracting by manifest.
432 silly tarball no local data for @babel/helper-compilation-targets@https://registry.npmjs.org/@babel/helper-compilation-targets/-/helper-compilation-targets-7.27.2.tgz. Extracting by manifest.
433 silly tarball no local data for @babel/compat-data@https://registry.npmjs.org/@babel/compat-data/-/compat-data-7.28.5.tgz. Extracting by manifest.
434 silly tarball no local data for @babel/core@https://registry.npmjs.org/@babel/core/-/core-7.28.5.tgz. Extracting by manifest.
435 silly tarball no local data for globals@https://registry.npmjs.org/globals/-/globals-14.0.0.tgz. Extracting by manifest.
436 silly tarball no local data for @babel/code-frame@https://registry.npmjs.org/@babel/code-frame/-/code-frame-7.27.1.tgz. Extracting by manifest.
437 silly tarball no local data for eslint-visitor-keys@https://registry.npmjs.org/eslint-visitor-keys/-/eslint-visitor-keys-3.4.3.tgz. Extracting by manifest.
438 http fetch GET 200 https://registry.npmjs.org/word-wrap/-/word-wrap-1.2.5.tgz 3886ms (cache miss)
439 http fetch GET 200 https://registry.npmjs.org/supports-color/-/supports-color-7.2.0.tgz 3883ms (cache miss)
440 http fetch GET 200 https://registry.npmjs.org/which/-/which-2.0.2.tgz 3918ms (cache miss)
441 http fetch GET 200 https://registry.npmjs.org/update-browserslist-db/-/update-browserslist-db-1.2.3.tgz 3925ms (cache miss)
442 http fetch GET 200 https://registry.npmjs.org/tinyglobby/-/tinyglobby-0.2.15.tgz 3924ms (cache miss)
443 http fetch GET 200 https://registry.npmjs.org/yallist/-/yallist-3.1.1.tgz 3939ms (cache miss)
444 http fetch GET 200 https://registry.npmjs.org/type-check/-/type-check-0.4.0.tgz 3958ms (cache miss)
445 http fetch GET 200 https://registry.npmjs.org/zod-validation-error/-/zod-validation-error-4.0.2.tgz 3973ms (cache miss)
446 http fetch GET 200 https://registry.npmjs.org/yocto-queue/-/yocto-queue-0.1.0.tgz 4012ms (cache miss)
447 http fetch GET 200 https://registry.npmjs.org/source-map-js/-/source-map-js-1.2.1.tgz 4064ms (cache miss)
448 http fetch GET 200 https://registry.npmjs.org/shebang-command/-/shebang-command-2.0.0.tgz 4897ms (cache miss)
449 http fetch GET 200 https://registry.npmjs.org/shebang-regex/-/shebang-regex-3.0.0.tgz 5177ms (cache miss)
450 http fetch GET 200 https://registry.npmjs.org/strip-json-comments/-/strip-json-comments-3.1.1.tgz 5354ms (cache miss)
451 http fetch GET 200 https://registry.npmjs.org/uri-js/-/uri-js-4.4.1.tgz 5378ms (cache miss)
452 http fetch GET 200 https://registry.npmjs.org/resolve-from/-/resolve-from-4.0.0.tgz 5460ms (cache miss)
453 http fetch GET 200 https://registry.npmjs.org/npm 5945ms
454 http fetch GET 200 https://registry.npmjs.org/semver/-/semver-6.3.1.tgz 5519ms (cache miss)
455 http fetch GET 200 https://registry.npmjs.org/react-refresh/-/react-refresh-0.18.0.tgz 5716ms (cache miss)
456 http fetch GET 200 https://registry.npmjs.org/react/-/react-19.2.3.tgz 5916ms (cache miss)
457 http fetch GET 200 https://registry.npmjs.org/set-cookie-parser/-/set-cookie-parser-2.7.2.tgz 6018ms (cache miss)
458 http fetch GET 200 https://registry.npmjs.org/punycode/-/punycode-2.3.1.tgz 6017ms (cache miss)
459 http fetch POST 200 https://registry.npmjs.org/-/npm/v1/security/advisories/bulk 6154ms
460 silly audit report {}
461 http fetch GET 200 https://registry.npmjs.org/path-key/-/path-key-3.1.1.tgz 6485ms (cache miss)
462 http fetch GET 200 https://registry.npmjs.org/parent-module/-/parent-module-1.0.1.tgz 6486ms (cache miss)
463 http fetch GET 200 https://registry.npmjs.org/p-locate/-/p-locate-5.0.0.tgz 6523ms (cache miss)
464 http fetch GET 200 https://registry.npmjs.org/scheduler/-/scheduler-0.27.0.tgz 6610ms (cache miss)
465 http fetch GET 200 https://registry.npmjs.org/path-exists/-/path-exists-4.0.0.tgz 6714ms (cache miss)
466 http fetch GET 200 https://registry.npmjs.org/natural-compare/-/natural-compare-1.4.0.tgz 6986ms (cache miss)
467 http fetch GET 200 https://registry.npmjs.org/p-limit/-/p-limit-3.1.0.tgz 6994ms (cache miss)
468 http fetch GET 200 https://registry.npmjs.org/node-releases/-/node-releases-2.0.27.tgz 7120ms (cache miss)
469 http fetch GET 200 https://registry.npmjs.org/optionator/-/optionator-0.9.4.tgz 7213ms (cache miss)
470 http fetch GET 200 https://registry.npmjs.org/picomatch/-/picomatch-4.0.3.tgz 8079ms (cache miss)
471 http fetch GET 200 https://registry.npmjs.org/react-router-dom/-/react-router-dom-7.11.0.tgz 8398ms (cache miss)
472 http fetch GET 200 https://registry.npmjs.org/lodash.merge/-/lodash.merge-4.6.2.tgz 8484ms (cache miss)
473 http fetch GET 200 https://registry.npmjs.org/picocolors/-/picocolors-1.1.1.tgz 8495ms (cache miss)
474 http fetch GET 200 https://registry.npmjs.org/prelude-ls/-/prelude-ls-1.2.1.tgz 8544ms (cache miss)
475 http fetch GET 200 https://registry.npmjs.org/ms/-/ms-2.1.3.tgz 9258ms (cache miss)
476 http fetch GET 200 https://registry.npmjs.org/levn/-/levn-0.4.1.tgz 10299ms (cache miss)
477 http fetch GET 200 https://registry.npmjs.org/locate-path/-/locate-path-6.0.0.tgz 10381ms (cache miss)
478 http fetch GET 200 https://registry.npmjs.org/lru-cache/-/lru-cache-5.1.1.tgz 10612ms (cache miss)
479 http fetch GET 200 https://registry.npmjs.org/postcss/-/postcss-8.5.6.tgz 10637ms (cache miss)
480 http fetch GET 200 https://registry.npmjs.org/vite/-/vite-7.3.0.tgz 10792ms (cache miss)
481 http fetch GET 200 https://registry.npmjs.org/react-router/-/react-router-7.11.0.tgz 10787ms (cache miss)
482 http fetch GET 200 https://registry.npmjs.org/zod/-/zod-4.3.5.tgz 10824ms (cache miss)
483 http fetch GET 200 https://registry.npmjs.org/keyv/-/keyv-4.5.4.tgz 10810ms (cache miss)
484 http fetch GET 200 https://registry.npmjs.org/nanoid/-/nanoid-3.3.11.tgz 10825ms (cache miss)
485 http fetch GET 200 https://registry.npmjs.org/json-schema-traverse/-/json-schema-traverse-0.4.1.tgz 10835ms (cache miss)
486 http fetch GET 200 https://registry.npmjs.org/jsesc/-/jsesc-3.1.0.tgz 10917ms (cache miss)
487 http fetch GET 200 https://registry.npmjs.org/minimatch/-/minimatch-3.1.2.tgz 10984ms (cache miss)
488 http fetch GET 200 https://registry.npmjs.org/is-glob/-/is-glob-4.0.3.tgz 11049ms (cache miss)
489 http fetch GET 200 https://registry.npmjs.org/json-buffer/-/json-buffer-3.0.1.tgz 11156ms (cache miss)
490 http fetch GET 200 https://registry.npmjs.org/isexe/-/isexe-2.0.0.tgz 11155ms (cache miss)
491 http fetch GET 200 https://registry.npmjs.org/is-extglob/-/is-extglob-2.1.1.tgz 11207ms (cache miss)
492 http fetch GET 200 https://registry.npmjs.org/imurmurhash/-/imurmurhash-0.1.4.tgz 11271ms (cache miss)
493 http fetch GET 200 https://registry.npmjs.org/js-tokens/-/js-tokens-4.0.0.tgz 11290ms (cache miss)
494 http fetch GET 200 https://registry.npmjs.org/import-fresh/-/import-fresh-3.3.1.tgz 11372ms (cache miss)
495 http fetch GET 200 https://registry.npmjs.org/js-yaml/-/js-yaml-4.1.1.tgz 11476ms (cache miss)
496 http fetch GET 200 https://registry.npmjs.org/has-flag/-/has-flag-4.0.0.tgz 11482ms (cache miss)
497 http fetch GET 200 https://registry.npmjs.org/ignore/-/ignore-5.3.2.tgz 11500ms (cache miss)
498 http fetch GET 200 https://registry.npmjs.org/hermes-estree/-/hermes-estree-0.25.1.tgz 11648ms (cache miss)
499 http fetch GET 200 https://registry.npmjs.org/json-stable-stringify-without-jsonify/-/json-stable-stringify-without-jsonify-1.0.1.tgz 11780ms (cache miss)
500 http fetch GET 200 https://registry.npmjs.org/flatted/-/flatted-3.3.3.tgz 11895ms (cache miss)
501 http fetch GET 200 https://registry.npmjs.org/file-entry-cache/-/file-entry-cache-8.0.0.tgz 11965ms (cache miss)
502 http fetch GET 200 https://registry.npmjs.org/glob-parent/-/glob-parent-6.0.2.tgz 12011ms (cache miss)
503 http fetch GET 200 https://registry.npmjs.org/json5/-/json5-2.2.3.tgz 12050ms (cache miss)
504 http fetch GET 200 https://registry.npmjs.org/fdir/-/fdir-6.5.0.tgz 12305ms (cache miss)
505 http fetch GET 200 https://registry.npmjs.org/fast-levenshtein/-/fast-levenshtein-2.0.6.tgz 12330ms (cache miss)
506 http fetch GET 200 https://registry.npmjs.org/fast-json-stable-stringify/-/fast-json-stable-stringify-2.1.0.tgz 12454ms (cache miss)
507 http fetch GET 200 https://registry.npmjs.org/espree/-/espree-10.4.0.tgz 12875ms (cache miss)
508 http fetch GET 200 https://registry.npmjs.org/globals/-/globals-16.5.0.tgz 13581ms (cache miss)
509 http fetch GET 200 https://registry.npmjs.org/esutils/-/esutils-2.0.3.tgz 13925ms (cache miss)
510 http fetch GET 200 https://registry.npmjs.org/estraverse/-/estraverse-5.3.0.tgz 13978ms (cache miss)
511 http fetch GET 200 https://registry.npmjs.org/esrecurse/-/esrecurse-4.3.0.tgz 14195ms (cache miss)
512 http fetch GET 200 https://registry.npmjs.org/find-up/-/find-up-5.0.0.tgz 14208ms (cache miss)
513 http fetch GET 200 https://registry.npmjs.org/gensync/-/gensync-1.0.0-beta.2.tgz 14348ms (cache miss)
514 http fetch GET 200 https://registry.npmjs.org/escape-string-regexp/-/escape-string-regexp-4.0.0.tgz 14363ms (cache miss)
515 http fetch GET 200 https://registry.npmjs.org/eslint-visitor-keys/-/eslint-visitor-keys-4.2.1.tgz 14410ms (cache miss)
516 http fetch GET 200 https://registry.npmjs.org/deep-is/-/deep-is-0.1.4.tgz 14615ms (cache miss)
517 http fetch GET 200 https://registry.npmjs.org/esquery/-/esquery-1.7.0.tgz 14741ms (cache miss)
518 http fetch GET 200 https://registry.npmjs.org/fast-deep-equal/-/fast-deep-equal-3.1.3.tgz 14886ms (cache miss)
519 http fetch GET 200 https://registry.npmjs.org/flat-cache/-/flat-cache-4.0.1.tgz 15200ms (cache miss)
520 http fetch GET 200 https://registry.npmjs.org/escalade/-/escalade-3.2.0.tgz 15335ms (cache miss)
521 http fetch GET 200 https://registry.npmjs.org/rollup/-/rollup-4.55.1.tgz 15404ms (cache miss)
522 http fetch GET 200 https://registry.npmjs.org/concat-map/-/concat-map-0.0.1.tgz 15674ms (cache miss)
523 http fetch GET 200 https://registry.npmjs.org/color-name/-/color-name-1.1.4.tgz 16218ms (cache miss)
524 http fetch GET 200 https://registry.npmjs.org/debug/-/debug-4.4.3.tgz 16579ms (cache miss)
525 http fetch GET 200 https://registry.npmjs.org/esbuild/-/esbuild-0.27.2.tgz 16698ms (cache miss)
526 http fetch GET 200 https://registry.npmjs.org/chalk/-/chalk-4.1.2.tgz 16784ms (cache miss)
527 http fetch GET 200 https://registry.npmjs.org/eslint-plugin-react-refresh/-/eslint-plugin-react-refresh-0.4.26.tgz 16820ms (cache miss)
528 http fetch GET 200 https://registry.npmjs.org/color-convert/-/color-convert-2.0.1.tgz 17256ms (cache miss)
529 http fetch GET 200 https://registry.npmjs.org/electron-to-chromium/-/electron-to-chromium-1.5.267.tgz 17305ms (cache miss)
530 http fetch GET 200 https://registry.npmjs.org/csstype/-/csstype-3.2.3.tgz 17335ms (cache miss)
531 http fetch GET 200 https://registry.npmjs.org/cookie/-/cookie-1.1.1.tgz 17343ms (cache miss)
532 http fetch GET 200 https://registry.npmjs.org/eslint-scope/-/eslint-scope-8.4.0.tgz 17360ms (cache miss)
533 http fetch GET 200 https://registry.npmjs.org/cross-spawn/-/cross-spawn-7.0.6.tgz 17483ms (cache miss)
534 http fetch GET 200 https://registry.npmjs.org/callsites/-/callsites-3.1.0.tgz 17506ms (cache miss)
535 http fetch GET 200 https://registry.npmjs.org/hermes-parser/-/hermes-parser-0.25.1.tgz 17711ms (cache miss)
536 http fetch GET 200 https://registry.npmjs.org/balanced-match/-/balanced-match-1.0.2.tgz 17818ms (cache miss)
537 http fetch GET 200 https://registry.npmjs.org/browserslist/-/browserslist-4.28.1.tgz 17845ms (cache miss)
538 http fetch GET 200 https://registry.npmjs.org/brace-expansion/-/brace-expansion-1.1.12.tgz 18002ms (cache miss)
539 http fetch GET 200 https://registry.npmjs.org/@types/react-dom/-/react-dom-19.2.3.tgz 18005ms (cache miss)
540 http fetch GET 200 https://registry.npmjs.org/ansi-styles/-/ansi-styles-4.3.0.tgz 18087ms (cache miss)
541 http fetch GET 200 https://registry.npmjs.org/convert-source-map/-/convert-source-map-2.0.0.tgz 18163ms (cache miss)
542 http fetch GET 200 https://registry.npmjs.org/acorn-jsx/-/acorn-jsx-5.3.2.tgz 18294ms (cache miss)
543 http fetch GET 200 https://registry.npmjs.org/react-dom/-/react-dom-19.2.3.tgz 18802ms (cache miss)
544 http fetch GET 200 https://registry.npmjs.org/@types/estree/-/estree-1.0.8.tgz 18855ms (cache miss)
545 http fetch GET 200 https://registry.npmjs.org/@types/json-schema/-/json-schema-7.0.15.tgz 18905ms (cache miss)
546 http fetch GET 200 https://registry.npmjs.org/@types/babel__generator/-/babel__generator-7.27.0.tgz 19263ms (cache miss)
547 http fetch GET 200 https://registry.npmjs.org/@vitejs/plugin-react/-/plugin-react-5.1.2.tgz 19446ms (cache miss)
548 http fetch GET 200 https://registry.npmjs.org/@types/babel__template/-/babel__template-7.4.4.tgz 19449ms (cache miss)
549 http fetch GET 200 https://registry.npmjs.org/@types/babel__traverse/-/babel__traverse-7.28.0.tgz 20087ms (cache miss)
550 http fetch GET 200 https://registry.npmjs.org/@jridgewell/resolve-uri/-/resolve-uri-3.1.2.tgz 20115ms (cache miss)
551 http fetch GET 200 https://registry.npmjs.org/@types/babel__core/-/babel__core-7.20.5.tgz 20208ms (cache miss)
552 http fetch GET 200 https://registry.npmjs.org/@humanwhocodes/retry/-/retry-0.4.3.tgz 20281ms (cache miss)
553 http fetch GET 200 https://registry.npmjs.org/eslint-plugin-react-hooks/-/eslint-plugin-react-hooks-7.0.1.tgz 20356ms (cache miss)
554 http fetch GET 200 https://registry.npmjs.org/argparse/-/argparse-2.0.1.tgz 20564ms (cache miss)
555 http fetch GET 200 https://registry.npmjs.org/@humanwhocodes/module-importer/-/module-importer-1.0.1.tgz 20606ms (cache miss)
556 http fetch GET 200 https://registry.npmjs.org/@rolldown/pluginutils/-/pluginutils-1.0.0-beta.53.tgz 20710ms (cache miss)
557 http fetch GET 200 https://registry.npmjs.org/@jridgewell/sourcemap-codec/-/sourcemap-codec-1.5.5.tgz 21161ms (cache miss)
558 http fetch GET 200 https://registry.npmjs.org/@eslint/object-schema/-/object-schema-2.1.7.tgz 21218ms (cache miss)
559 http fetch GET 200 https://registry.npmjs.org/@eslint/js/-/js-9.39.2.tgz 21344ms (cache miss)
560 http fetch GET 200 https://registry.npmjs.org/@eslint/config-helpers/-/config-helpers-0.4.2.tgz 21350ms (cache miss)
561 http fetch GET 200 https://registry.npmjs.org/@eslint/core/-/core-0.17.0.tgz 21415ms (cache miss)
562 http fetch GET 200 https://registry.npmjs.org/@humanfs/core/-/core-0.19.1.tgz 21920ms (cache miss)
563 http fetch GET 200 https://registry.npmjs.org/@babel/plugin-transform-react-jsx-source/-/plugin-transform-react-jsx-source-7.27.1.tgz 22057ms (cache miss)
564 http fetch GET 200 https://registry.npmjs.org/@humanfs/node/-/node-0.16.7.tgz 22160ms (cache miss)
565 http fetch GET 200 https://registry.npmjs.org/@types/react/-/react-19.2.7.tgz 22528ms (cache miss)
566 http fetch GET 200 https://registry.npmjs.org/baseline-browser-mapping/-/baseline-browser-mapping-2.9.11.tgz 22541ms (cache miss)
567 http fetch GET 200 https://registry.npmjs.org/ajv/-/ajv-6.12.6.tgz 22690ms (cache miss)
568 http fetch GET 200 https://registry.npmjs.org/@jridgewell/trace-mapping/-/trace-mapping-0.3.31.tgz 22854ms (cache miss)
569 http fetch GET 200 https://registry.npmjs.org/@jridgewell/remapping/-/remapping-2.3.5.tgz 23100ms (cache miss)
570 http fetch GET 200 https://registry.npmjs.org/@eslint/plugin-kit/-/plugin-kit-0.4.1.tgz 23463ms (cache miss)
571 http fetch GET 200 https://registry.npmjs.org/@babel/helper-validator-option/-/helper-validator-option-7.27.1.tgz 23494ms (cache miss)
572 http fetch GET 200 https://registry.npmjs.org/@jridgewell/gen-mapping/-/gen-mapping-0.3.13.tgz 23696ms (cache miss)
573 http fetch GET 200 https://registry.npmjs.org/@babel/helper-plugin-utils/-/helper-plugin-utils-7.27.1.tgz 23785ms (cache miss)
574 http fetch GET 200 https://registry.npmjs.org/@babel/template/-/template-7.27.2.tgz 23800ms (cache miss)
575 http fetch GET 200 https://registry.npmjs.org/@eslint/config-array/-/config-array-0.21.1.tgz 23842ms (cache miss)
576 http fetch GET 200 https://registry.npmjs.org/@eslint/eslintrc/-/eslintrc-3.3.3.tgz 24476ms (cache miss)
577 http fetch GET 200 https://registry.npmjs.org/@babel/helper-validator-identifier/-/helper-validator-identifier-7.28.5.tgz 24690ms (cache miss)
578 http fetch GET 200 https://registry.npmjs.org/@babel/plugin-transform-react-jsx-self/-/plugin-transform-react-jsx-self-7.27.1.tgz 24709ms (cache miss)
579 http fetch GET 200 https://registry.npmjs.org/@babel/helper-string-parser/-/helper-string-parser-7.27.1.tgz 24712ms (cache miss)
580 http fetch GET 200 https://registry.npmjs.org/@eslint-community/regexpp/-/regexpp-4.12.2.tgz 24956ms (cache miss)
581 http fetch GET 200 https://registry.npmjs.org/@babel/compat-data/-/compat-data-7.28.5.tgz 25364ms (cache miss)
582 http fetch GET 200 https://registry.npmjs.org/@babel/helper-globals/-/helper-globals-7.28.0.tgz 25531ms (cache miss)
583 http fetch GET 200 https://registry.npmjs.org/@babel/parser/-/parser-7.28.5.tgz 25560ms (cache miss)
584 http fetch GET 200 https://registry.npmjs.org/@rollup/rollup-win32-x64-gnu/-/rollup-win32-x64-gnu-4.55.1.tgz 25602ms (cache miss)
585 http fetch GET 200 https://registry.npmjs.org/@eslint-community/eslint-utils/-/eslint-utils-4.9.1.tgz 25748ms (cache miss)
586 http fetch GET 200 https://registry.npmjs.org/@babel/helper-module-transforms/-/helper-module-transforms-7.28.3.tgz 25879ms (cache miss)
587 http fetch GET 200 https://registry.npmjs.org/@babel/helper-module-imports/-/helper-module-imports-7.27.1.tgz 26023ms (cache miss)
588 http fetch GET 200 https://registry.npmjs.org/@babel/code-frame/-/code-frame-7.27.1.tgz 26025ms (cache miss)
589 http fetch GET 200 https://registry.npmjs.org/globals/-/globals-14.0.0.tgz 26106ms (cache miss)
590 http fetch GET 200 https://registry.npmjs.org/eslint-visitor-keys/-/eslint-visitor-keys-3.4.3.tgz 26197ms (cache miss)
591 http fetch GET 200 https://registry.npmjs.org/@babel/helper-compilation-targets/-/helper-compilation-targets-7.27.2.tgz 26406ms (cache miss)
592 http fetch GET 200 https://registry.npmjs.org/@babel/traverse/-/traverse-7.28.5.tgz 26544ms (cache miss)
593 http fetch GET 200 https://registry.npmjs.org/@babel/generator/-/generator-7.28.5.tgz 27402ms (cache miss)
594 http fetch GET 200 https://registry.npmjs.org/@babel/core/-/core-7.28.5.tgz 28639ms (cache miss)
595 http fetch GET 200 https://registry.npmjs.org/eslint/-/eslint-9.39.2.tgz 28737ms (cache miss)
596 http fetch GET 200 https://registry.npmjs.org/@babel/types/-/types-7.28.5.tgz 28955ms (cache miss)
597 http fetch GET 200 https://registry.npmjs.org/@babel/helpers/-/helpers-7.28.4.tgz 32347ms (cache miss)
598 http fetch GET 200 https://registry.npmjs.org/caniuse-lite/-/caniuse-lite-1.0.30001762.tgz 33527ms (cache miss)
599 http fetch GET 200 https://registry.npmjs.org/acorn/-/acorn-8.15.0.tgz 40746ms (cache miss)
600 http fetch GET 200 https://registry.npmjs.org/@rollup/rollup-win32-x64-msvc/-/rollup-win32-x64-msvc-4.55.1.tgz 41502ms (cache miss)
601 http fetch GET 200 https://registry.npmjs.org/@esbuild/win32-x64/-/win32-x64-0.27.2.tgz 50764ms (cache miss)
602 http fetch GET 200 https://registry.npmjs.org/react-icons/-/react-icons-5.5.0.tgz 104845ms (cache miss)
603 info run esbuild@0.27.2 postinstall node_modules/esbuild node install.js
604 info run esbuild@0.27.2 postinstall { code: 0, signal: null }
605 silly ADD node_modules/zod-validation-error
606 silly ADD node_modules/zod
607 silly ADD node_modules/yocto-queue
608 silly ADD node_modules/yallist
609 silly ADD node_modules/word-wrap
610 silly ADD node_modules/which
611 silly ADD node_modules/vite
612 silly ADD node_modules/uri-js
613 silly ADD node_modules/update-browserslist-db
614 silly ADD node_modules/type-check
615 silly ADD node_modules/tinyglobby
616 silly ADD node_modules/supports-color
617 silly ADD node_modules/strip-json-comments
618 silly ADD node_modules/source-map-js
619 silly ADD node_modules/shebang-regex
620 silly ADD node_modules/shebang-command
621 silly ADD node_modules/set-cookie-parser
622 silly ADD node_modules/semver
623 silly ADD node_modules/scheduler
624 silly ADD node_modules/rollup
625 silly ADD node_modules/resolve-from
626 silly ADD node_modules/react-router-dom
627 silly ADD node_modules/react-router
628 silly ADD node_modules/react-refresh
629 silly ADD node_modules/react-icons
630 silly ADD node_modules/react-dom
631 silly ADD node_modules/react
632 silly ADD node_modules/punycode
633 silly ADD node_modules/prelude-ls
634 silly ADD node_modules/postcss
635 silly ADD node_modules/picomatch
636 silly ADD node_modules/picocolors
637 silly ADD node_modules/path-key
638 silly ADD node_modules/path-exists
639 silly ADD node_modules/parent-module
640 silly ADD node_modules/p-locate
641 silly ADD node_modules/p-limit
642 silly ADD node_modules/optionator
643 silly ADD node_modules/node-releases
644 silly ADD node_modules/natural-compare
645 silly ADD node_modules/nanoid
646 silly ADD node_modules/ms
647 silly ADD node_modules/minimatch
648 silly ADD node_modules/lru-cache
649 silly ADD node_modules/lodash.merge
650 silly ADD node_modules/locate-path
651 silly ADD node_modules/levn
652 silly ADD node_modules/keyv
653 silly ADD node_modules/json5
654 silly ADD node_modules/json-stable-stringify-without-jsonify
655 silly ADD node_modules/json-schema-traverse
656 silly ADD node_modules/json-buffer
657 silly ADD node_modules/jsesc
658 silly ADD node_modules/js-yaml
659 silly ADD node_modules/js-tokens
660 silly ADD node_modules/isexe
661 silly ADD node_modules/is-glob
662 silly ADD node_modules/is-extglob
663 silly ADD node_modules/imurmurhash
664 silly ADD node_modules/import-fresh
665 silly ADD node_modules/ignore
666 silly ADD node_modules/hermes-parser
667 silly ADD node_modules/hermes-estree
668 silly ADD node_modules/has-flag
669 silly ADD node_modules/globals
670 silly ADD node_modules/glob-parent
671 silly ADD node_modules/gensync
672 silly ADD node_modules/fsevents
673 silly ADD node_modules/flatted
674 silly ADD node_modules/flat-cache
675 silly ADD node_modules/find-up
676 silly ADD node_modules/file-entry-cache
677 silly ADD node_modules/fdir
678 silly ADD node_modules/fast-levenshtein
679 silly ADD node_modules/fast-json-stable-stringify
680 silly ADD node_modules/fast-deep-equal
681 silly ADD node_modules/esutils
682 silly ADD node_modules/estraverse
683 silly ADD node_modules/esrecurse
684 silly ADD node_modules/esquery
685 silly ADD node_modules/espree
686 silly ADD node_modules/eslint-visitor-keys
687 silly ADD node_modules/eslint-scope
688 silly ADD node_modules/eslint-plugin-react-refresh
689 silly ADD node_modules/eslint-plugin-react-hooks
690 silly ADD node_modules/eslint
691 silly ADD node_modules/escape-string-regexp
692 silly ADD node_modules/escalade
693 silly ADD node_modules/esbuild
694 silly ADD node_modules/electron-to-chromium
695 silly ADD node_modules/deep-is
696 silly ADD node_modules/debug
697 silly ADD node_modules/csstype
698 silly ADD node_modules/cross-spawn
699 silly ADD node_modules/cookie
700 silly ADD node_modules/convert-source-map
701 silly ADD node_modules/concat-map
702 silly ADD node_modules/color-name
703 silly ADD node_modules/color-convert
704 silly ADD node_modules/chalk
705 silly ADD node_modules/caniuse-lite
706 silly ADD node_modules/callsites
707 silly ADD node_modules/browserslist
708 silly ADD node_modules/brace-expansion
709 silly ADD node_modules/baseline-browser-mapping
710 silly ADD node_modules/balanced-match
711 silly ADD node_modules/argparse
712 silly ADD node_modules/ansi-styles
713 silly ADD node_modules/ajv
714 silly ADD node_modules/acorn-jsx
715 silly ADD node_modules/acorn
716 silly ADD node_modules/@vitejs/plugin-react
717 silly ADD node_modules/@types/react-dom
718 silly ADD node_modules/@types/react
719 silly ADD node_modules/@types/json-schema
720 silly ADD node_modules/@types/estree
721 silly ADD node_modules/@types/babel__traverse
722 silly ADD node_modules/@types/babel__template
723 silly ADD node_modules/@types/babel__generator
724 silly ADD node_modules/@types/babel__core
725 silly ADD node_modules/@rollup/rollup-win32-x64-msvc
726 silly ADD node_modules/@rollup/rollup-win32-x64-gnu
727 silly ADD node_modules/@rollup/rollup-win32-ia32-msvc
728 silly ADD node_modules/@rollup/rollup-win32-arm64-msvc
729 silly ADD node_modules/@rollup/rollup-openharmony-arm64
730 silly ADD node_modules/@rollup/rollup-openbsd-x64
731 silly ADD node_modules/@rollup/rollup-linux-x64-musl
732 silly ADD node_modules/@rollup/rollup-linux-x64-gnu
733 silly ADD node_modules/@rollup/rollup-linux-s390x-gnu
734 silly ADD node_modules/@rollup/rollup-linux-riscv64-musl
735 silly ADD node_modules/@rollup/rollup-linux-riscv64-gnu
736 silly ADD node_modules/@rollup/rollup-linux-ppc64-musl
737 silly ADD node_modules/@rollup/rollup-linux-ppc64-gnu
738 silly ADD node_modules/@rollup/rollup-linux-loong64-musl
739 silly ADD node_modules/@rollup/rollup-linux-loong64-gnu
740 silly ADD node_modules/@rollup/rollup-linux-arm64-musl
741 silly ADD node_modules/@rollup/rollup-linux-arm64-gnu
742 silly ADD node_modules/@rollup/rollup-linux-arm-musleabihf
743 silly ADD node_modules/@rollup/rollup-linux-arm-gnueabihf
744 silly ADD node_modules/@rollup/rollup-freebsd-x64
745 silly ADD node_modules/@rollup/rollup-freebsd-arm64
746 silly ADD node_modules/@rollup/rollup-darwin-x64
747 silly ADD node_modules/@rollup/rollup-darwin-arm64
748 silly ADD node_modules/@rollup/rollup-android-arm64
749 silly ADD node_modules/@rollup/rollup-android-arm-eabi
750 silly ADD node_modules/@rolldown/pluginutils
751 silly ADD node_modules/@jridgewell/trace-mapping
752 silly ADD node_modules/@jridgewell/sourcemap-codec
753 silly ADD node_modules/@jridgewell/resolve-uri
754 silly ADD node_modules/@jridgewell/remapping
755 silly ADD node_modules/@jridgewell/gen-mapping
756 silly ADD node_modules/@humanwhocodes/retry
757 silly ADD node_modules/@humanwhocodes/module-importer
758 silly ADD node_modules/@humanfs/node
759 silly ADD node_modules/@humanfs/core
760 silly ADD node_modules/@eslint/plugin-kit
761 silly ADD node_modules/@eslint/object-schema
762 silly ADD node_modules/@eslint/js
763 silly ADD node_modules/@eslint/eslintrc
764 silly ADD node_modules/@eslint/eslintrc/node_modules/globals
765 silly ADD node_modules/@eslint/core
766 silly ADD node_modules/@eslint/config-helpers
767 silly ADD node_modules/@eslint/config-array
768 silly ADD node_modules/@eslint-community/regexpp
769 silly ADD node_modules/@eslint-community/eslint-utils
770 silly ADD node_modules/@eslint-community/eslint-utils/node_modules/eslint-visitor-keys
771 silly ADD node_modules/@esbuild/win32-x64
772 silly ADD node_modules/@esbuild/win32-ia32
773 silly ADD node_modules/@esbuild/win32-arm64
774 silly ADD node_modules/@esbuild/sunos-x64
775 silly ADD node_modules/@esbuild/openharmony-arm64
776 silly ADD node_modules/@esbuild/openbsd-x64
777 silly ADD node_modules/@esbuild/openbsd-arm64
778 silly ADD node_modules/@esbuild/netbsd-x64
779 silly ADD node_modules/@esbuild/netbsd-arm64
780 silly ADD node_modules/@esbuild/linux-x64
781 silly ADD node_modules/@esbuild/linux-s390x
782 silly ADD node_modules/@esbuild/linux-riscv64
783 silly ADD node_modules/@esbuild/linux-ppc64
784 silly ADD node_modules/@esbuild/linux-mips64el
785 silly ADD node_modules/@esbuild/linux-loong64
786 silly ADD node_modules/@esbuild/linux-ia32
787 silly ADD node_modules/@esbuild/linux-arm64
788 silly ADD node_modules/@esbuild/linux-arm
789 silly ADD node_modules/@esbuild/freebsd-x64
790 silly ADD node_modules/@esbuild/freebsd-arm64
791 silly ADD node_modules/@esbuild/darwin-x64
792 silly ADD node_modules/@esbuild/darwin-arm64
793 silly ADD node_modules/@esbuild/android-x64
794 silly ADD node_modules/@esbuild/android-arm64
795 silly ADD node_modules/@esbuild/android-arm
796 silly ADD node_modules/@esbuild/aix-ppc64
797 silly ADD node_modules/@babel/types
798 silly ADD node_modules/@babel/traverse
799 silly ADD node_modules/@babel/template
800 silly ADD node_modules/@babel/plugin-transform-react-jsx-source
801 silly ADD node_modules/@babel/plugin-transform-react-jsx-self
802 silly ADD node_modules/@babel/parser
803 silly ADD node_modules/@babel/helpers
804 silly ADD node_modules/@babel/helper-validator-option
805 silly ADD node_modules/@babel/helper-validator-identifier
806 silly ADD node_modules/@babel/helper-string-parser
807 silly ADD node_modules/@babel/helper-plugin-utils
808 silly ADD node_modules/@babel/helper-module-transforms
809 silly ADD node_modules/@babel/helper-module-imports
810 silly ADD node_modules/@babel/helper-globals
811 silly ADD node_modules/@babel/helper-compilation-targets
812 silly ADD node_modules/@babel/generator
813 silly ADD node_modules/@babel/core
814 silly ADD node_modules/@babel/compat-data
815 silly ADD node_modules/@babel/code-frame
816 verbose cwd C:\Users\patil\OneDrive\Desktop\Pursuit\Pursuit_2026
817 verbose os Windows_NT 10.0.26200
818 verbose node v24.9.0
819 verbose npm  v11.6.0
820 notice
820 notice New [33mminor[39m version of npm available! [33m11.6.0[39m -> [34m11.7.0[39m
820 notice Changelog: [34mhttps://github.com/npm/cli/releases/tag/v11.7.0[39m
820 notice To update run: [4mnpm install -g npm@11.7.0[24m
820 notice  { force: true, Symbol(proc-log.meta): true }
821 verbose exit 0
822 info ok
